[2026-04-09 11:42:53] Réponse API [400] /datasets/create/survey?updatedby=7 : Array
(
    [status] => failed
    [message] => SCHEMA_VALIDATION_FAILED [survey]: 
    [errors] => Array
        (
            [0] => Array
                (
                    [property] => study_desc.method.method_notes
                    [pointer] => /study_desc/method/method_notes
                    [message] => NULL value found, but a string is required
                    [constraint] => type
                    [context] => 1
                )

            [1] => Array
                (
                    [property] => study_desc.method.study_class
                    [pointer] => /study_desc/method/study_class
                    [message] => NULL value found, but a string or an array is required
                    [constraint] => type
                    [context] => 1
                )

            [2] => Array
                (
                    [property] => 
                    [pointer] => 
                    [message] => Failed to match all schemas
                    [constraint] => allOf
                    [context] => 1
                )

        )

)

[2026-04-09 11:50:06] Réponse API [400] /datasets/create/survey?updatedby=7 : Array
(
    [status] => failed
    [message] => VALIDATION_ERROR
    [errors] => Array
        (
            [0] => IDNO already exists. 79162
        )

)

[2026-04-09 11:53:54] Réponse API [400] /datasets/create/survey?updatedby=7 : Array
(
    [status] => failed
    [message] => VALIDATION_ERROR
    [errors] => Array
        (
            [0] => IDNO already exists. 79162
        )

)

[2026-04-09 11:55:40] Réponse API [400] /datasets/create/survey?updatedby=7 : Array
(
    [status] => failed
    [message] => VALIDATION_ERROR
    [errors] => Array
        (
            [0] => IDNO already exists. 79162
        )

)

[2026-04-09 11:57:22] Erreur API [/datasets/create/survey?updatedby=7]: cURL error 6: Could not resolve host: nada.hostnet.solutions
