[2025-11-14 09:09:35] Save_study
[2025-11-14 09:09:36] Save_study newId:18675
[2025-11-14 09:09:36] Save_study idno:FRESH-PEF95-fr
[2025-11-14 09:09:36] Save_study idno:FRESH-PEF95-en
[2025-11-14 09:42:44] Save_study
[2025-11-14 09:42:44] Save_study newId:18679
[2025-11-14 09:42:44] Save_study idno:FRESH-PEF8912-fr
[2025-11-14 09:43:02] Save_study
[2025-11-14 09:43:02] Save_study newId:18679
[2025-11-14 09:43:02] Save_study idno:FRESH-PEF8912-fr
[2025-11-14 09:44:51] Save_study
[2025-11-14 09:44:51] Save_study newId:18679
[2025-11-14 09:44:51] Save_study idno:FRESH-PEF8912-fr
[2025-11-14 09:47:05] Save_study
[2025-11-14 09:47:05] Save_study newId:18679
[2025-11-14 09:47:05] Save_study idno:FRESH-PEF8912-fr
[2025-11-14 09:47:05] Save_study idno:FRESH-PEF8912-en
[2025-11-14 09:48:51] Save_study
[2025-11-14 09:48:51] Save_study newId:18681
[2025-11-14 09:48:51] Save_study idno:FRESH-PEF73840-fr
[2025-11-14 09:48:51] Save_study idno:FRESH-PEF73840-en
[2025-11-14 10:00:14] Save_study
[2025-11-14 10:00:24] Save_study
[2025-11-14 10:08:06] Save_study
[2025-11-14 10:09:22] Save_study
[2025-11-14 10:10:10] Save_study
[2025-11-14 10:13:15] Save_study
[2025-11-14 10:14:27] Save_study
[2025-11-14 10:18:36] Save_study
[2025-11-14 10:18:36] Save_study newId:18683
[2025-11-14 10:18:36] Save_study idno:FRESH-PEF61-fr
[2025-11-14 10:18:36] Save_study idno:FRESH-PEF61-en
[2025-11-14 10:23:34] Save_study
[2025-11-14 10:23:34] Save_study newId:18685
[2025-11-14 10:23:34] Save_study idno:FRESH-PEF73765-fr
[2025-11-14 10:23:34] Save_study idno:FRESH-PEF73765-en
[2025-11-14 10:56:04] Save_study
[2025-11-14 10:56:04] Save_study newId:18687
[2025-11-14 10:56:04] Save_study idno:FRESH-PEF61-fr
[2025-11-14 10:56:04] Save_study idno:FRESH-PEF61-en
[2025-11-14 13:42:51] Save_study
[2025-11-14 13:42:51] Save_study newId:18691
[2025-11-14 13:42:51] Save_study idno:FRESH-PEF5889-fr
[2025-11-14 13:42:51] Save_study idno:FRESH-PEF5889-en
[2025-11-14 13:59:25] Save_study
[2025-11-14 13:59:25] Save_study newId:18693
[2025-11-14 13:59:25] Save_study idno:FRESH-PEF61-fr
[2025-11-14 13:59:25] Save_study idno:FRESH-PEF61-en
[2025-11-14 14:00:27] Save_study
[2025-11-14 14:00:27] Save_study newId:18695
[2025-11-14 14:00:27] Save_study idno:FRESH-PEF73345-fr
[2025-11-14 14:00:27] Save_study idno:FRESH-PEF73345-en
[2025-11-14 14:01:34] Save_study
[2025-11-14 14:02:47] Save_study
[2025-11-14 14:04:06] Save_study
[2025-11-14 14:10:27] Save_study
[2025-11-14 14:11:04] Save_study
[2025-11-14 14:15:43] Save_study
[2025-11-14 14:17:20] Save_study
[2025-11-14 14:17:29] Save_study
[2025-11-14 14:17:29] Save_study newId:18699
[2025-11-14 14:17:29] Save_study idno:FRESH-PEF73345-fr
[2025-11-14 14:17:38] Save_study
[2025-11-14 14:17:38] Save_study newId:18699
[2025-11-14 14:17:38] Save_study idno:FRESH-PEF61-fr
[2025-11-14 14:17:44] Save_study
[2025-11-14 14:17:44] Save_study newId:18699
[2025-11-14 14:17:44] Save_study idno:FRESH-PEF61-fr
[2025-11-14 14:18:39] Save_study
[2025-11-14 14:18:39] Save_study newId:18699
[2025-11-14 14:18:39] Save_study idno:FRESH-PEF61-fr
[2025-11-14 14:18:39] Save_study idno:FRESH-PEF61-en
[2025-11-14 14:21:55] Save_study
[2025-11-14 14:21:55] Save_study newId:18699
[2025-11-14 14:21:55] Save_study idno:FRESH-PEF61-fr
[2025-11-14 14:21:55] Save_study idno:FRESH-PEF61-en
[2025-11-14 14:24:03] Save_study
[2025-11-14 14:24:03] Save_study newId:18703
[2025-11-14 14:24:03] Save_study idno:FRESH-PEF73345-fr
[2025-11-14 14:24:03] Save_study idno:FRESH-PEF73345-en
[2025-11-14 14:37:42] Save_study
[2025-11-14 14:37:42] Save_study newId:18705
[2025-11-14 14:37:42] Save_study idno:FRESH-PEF74-fr
[2025-11-14 14:37:42] Save_study idno:FRESH-PEF74-en
[2025-11-14 14:42:24] Save_study
[2025-11-14 14:42:25] Save_study newId:18707
[2025-11-14 14:42:25] Save_study idno:FRESH-PEF7969-fr
[2025-11-14 14:42:25] Save_study idno:FRESH-PEF7969-en
[2025-11-14 15:03:07] Save_study
[2025-11-14 15:03:07] Save_study newId:18709
[2025-11-14 15:03:07] Save_study idno:FRESH-PEF5972-fr
[2025-11-14 15:03:07] Save_study idno:FRESH-PEF5972-en
[2025-11-14 15:15:12] Save_study
[2025-11-14 15:15:12] Save_study newId:18713
[2025-11-14 15:15:12] Save_study idno:FRESH-PEF5972-fr
[2025-11-14 15:15:12] Save_study idno:FRESH-PEF5972-en
[2025-11-14 15:18:29] Save_study
[2025-11-14 15:18:29] Save_study newId:18713
[2025-11-14 15:18:29] Save_study idno:FRESH-PEF5972-fr
[2025-11-14 15:18:48] Save_study
[2025-11-14 15:18:48] Save_study newId:18713
[2025-11-14 15:18:48] Save_study idno:FRESH-PEF5972-fr
[2025-11-14 15:27:35] Save_study
[2025-11-14 15:27:35] Save_study newId:18713
[2025-11-14 15:27:35] Save_study idno:FRESH-PEF5972-fr
[2025-11-14 15:28:20] Save_study
[2025-11-14 15:28:20] Save_study newId:18713
[2025-11-14 15:28:20] Save_study idno:FRESH-PEF5972-fr
[2025-11-14 15:28:20] Save_study idno:FRESH-PEF5972-en
[2025-11-14 15:29:45] Save_study
[2025-11-14 15:29:46] Save_study newId:18717
[2025-11-14 15:29:46] Save_study idno:FRESH-PEF8912-fr
[2025-11-14 15:29:46] Save_study idno:FRESH-PEF8912-en
[2025-11-14 15:32:33] Save_study
[2025-11-14 15:32:34] Save_study newId:18717
[2025-11-14 15:32:34] Save_study idno:FRESH-PEF8912-fr
[2025-11-14 15:33:30] Save_study
[2025-11-14 15:33:30] Save_study newId:18717
[2025-11-14 15:33:30] Save_study idno:FRESH-PEF8912-fr
[2025-11-14 15:34:48] Save_study
[2025-11-14 15:34:48] Save_study newId:18717
[2025-11-14 15:34:48] Save_study idno:FRESH-PEF8912-fr
[2025-11-14 15:35:26] Save_study
[2025-11-14 15:35:26] Save_study newId:18717
[2025-11-14 15:35:26] Save_study idno:FRESH-PEF8912-fr
[2025-11-14 15:35:26] Save_study idno:FRESH-PEF8912-en
[2025-11-14 15:36:20] Save_study
[2025-11-14 15:36:20] Save_study newId:18717
[2025-11-14 15:36:20] Save_study idno:FRESH-PEF5972-fr
[2025-11-14 15:36:38] Save_study
[2025-11-14 15:36:38] Save_study newId:18713
[2025-11-14 15:36:38] Save_study idno:FRESH-PEF5972-fr
[2025-11-14 15:36:38] Save_study idno:FRESH-PEF5972-en
[2025-11-14 15:48:16] Save_study
[2025-11-14 15:48:16] Save_study newId:18723
[2025-11-14 15:48:16] Save_study idno:FRESH-PEF74146-fr
[2025-11-14 15:48:16] Save_study idno:FRESH-PEF74146-en
[2025-11-14 15:50:55] Save_study
[2025-11-14 15:50:55] Save_study newId:18723
[2025-11-14 15:50:55] Save_study idno:FRESH-PEF74146-fr
[2025-11-14 15:50:55] Save_study idno:FRESH-PEF74146-en
[2025-11-14 15:53:32] Save_study
[2025-11-14 15:53:32] Save_study newId:18723
[2025-11-14 15:53:32] Save_study idno:FRESH-PEF74146-fr
[2025-11-14 15:53:32] Save_study idno:FRESH-PEF74146-en
[2025-11-14 16:04:53] Save_study
[2025-11-14 16:04:53] Save_study newId:18729
[2025-11-14 16:04:53] Save_study idno:FRESH-PEF74146-fr
[2025-11-14 16:05:04] Save_study
[2025-11-14 16:05:04] Save_study newId:18729
[2025-11-14 16:05:04] Save_study idno:FRESH-PEF74146-fr
[2025-11-14 16:06:06] Save_study
[2025-11-14 16:06:06] Save_study newId:18729
[2025-11-14 16:06:06] Save_study idno:FRESH-PEF74146-fr
[2025-11-14 16:07:34] Save_study
[2025-11-14 16:09:50] Save_study
[2025-11-14 16:10:42] Save_study
[2025-11-14 16:31:41] Save_study
[2025-11-14 16:31:41] Save_study newId:18729
[2025-11-14 16:31:41] Save_study idno:FRESH-PEF74146-fr
[2025-11-14 16:32:08] Save_study
[2025-11-14 16:32:08] Save_study newId:18723
[2025-11-14 16:32:08] Save_study idno:FRESH-PEF74146-fr
[2025-11-14 16:32:08] Save_study idno:FRESH-PEF74146-en
[2025-11-14 16:35:45] Save_study
[2025-11-14 16:35:45] Save_study newId:18723
[2025-11-14 16:35:45] Save_study idno:FRESH-PEF74146-fr
[2025-11-14 16:37:01] Save_study
[2025-11-14 16:37:01] Save_study newId:18723
[2025-11-14 16:37:01] Save_study idno:FRESH-PEF74146-fr
[2025-11-14 16:37:01] Save_study idno:FRESH-PEF74146-en
[2025-11-14 17:07:13] Save_study
[2025-11-14 17:07:14] Save_study newId:18735
[2025-11-14 17:07:14] Save_study idno:FRESH-PEF74146-fr
[2025-11-14 17:07:14] Save_study idno:FRESH-PEF74146-en
[2025-11-14 17:12:27] Save_study
[2025-11-14 17:12:27] Save_study newId:18735
[2025-11-14 17:12:27] Save_study idno:FRESH-PEF74146-fr
[2025-11-14 17:12:27] Save_study idno:FRESH-PEF74146-en
[2025-11-14 17:20:33] Save_study
[2025-11-14 17:20:33] Save_study newId:18735
[2025-11-14 17:20:33] Save_study idno:FRESH-PEF74146-fr
[2025-11-14 17:20:33] Save_study idno:FRESH-PEF74146-en
[2025-11-14 17:27:48] Save_study
[2025-11-14 17:27:48] Save_study newId:18741
[2025-11-14 17:27:48] Save_study idno:FRESH-PEF61-fr
[2025-11-14 17:28:17] Save_study
[2025-11-14 17:28:17] Save_study newId:18741
[2025-11-14 17:28:17] Save_study idno:FRESH-PEF61-fr
[2025-11-14 17:28:17] Save_study idno:FRESH-PEF61-en
[2025-11-14 17:31:11] Save_study
[2025-11-14 17:31:12] Save_study newId:18741
[2025-11-14 17:31:12] Save_study idno:FRESH-PEF61-fr
[2025-11-14 17:31:12] Save_study idno:FRESH-PEF61-en
[2025-11-14 17:33:59] Save_study
[2025-11-14 17:33:59] Save_study newId:18741
[2025-11-14 17:33:59] Save_study idno:FRESH-PEF61-fr
[2025-11-14 17:33:59] Save_study idno:FRESH-PEF61-en
[2025-11-14 17:37:13] Save_study
[2025-11-14 17:37:14] Save_study newId:18741
[2025-11-14 17:37:14] Save_study idno:FRESH-PEF61-fr
[2025-11-14 17:37:14] Save_study idno:FRESH-PEF61-en
[2025-11-14 17:38:13] Save_study
[2025-11-14 17:38:13] Save_study newId:18741
[2025-11-14 17:38:13] Save_study idno:FRESH-PEF61-fr
[2025-11-14 17:38:13] Save_study idno:FRESH-PEF61-en
[2025-11-14 17:40:26] Save_study
[2025-11-14 17:40:26] Save_study newId:18741
[2025-11-14 17:40:26] Save_study idno:FRESH-PEF61-fr
[2025-11-14 17:40:26] Save_study idno:FRESH-PEF61-en
[2025-11-14 17:41:07] Save_study
[2025-11-14 17:41:08] Save_study newId:18741
[2025-11-14 17:41:08] Save_study idno:FRESH-PEF61-fr
[2025-11-14 17:41:08] Save_study idno:FRESH-PEF61-en
[2025-11-14 17:42:33] Save_study
[2025-11-14 17:42:33] Save_study newId:18741
[2025-11-14 17:42:33] Save_study idno:FRESH-PEF61-fr
[2025-11-14 17:42:33] Save_study idno:FRESH-PEF61-en
[2025-11-14 17:43:56] Save_study
[2025-11-14 17:43:56] Save_study newId:18741
[2025-11-14 17:43:56] Save_study idno:FRESH-PEF61-fr
[2025-11-14 17:43:56] Save_study idno:FRESH-PEF61-en
[2025-11-14 17:44:52] Save_study
[2025-11-14 17:44:52] Save_study newId:18741
[2025-11-14 17:44:52] Save_study idno:FRESH-PEF61-fr
[2025-11-14 17:44:52] Save_study idno:FRESH-PEF61-en
[2025-11-14 17:53:15] Save_study
[2025-11-14 17:53:15] Save_study newId:18761
[2025-11-14 17:53:15] Save_study idno:FRESH-PEF61-fr
[2025-11-14 17:54:45] Save_study
[2025-11-14 17:54:45] Save_study newId:18761
[2025-11-14 17:54:45] Save_study idno:FRESH-PEF61-fr
[2025-11-14 17:57:45] Save_study
[2025-11-14 17:57:46] Save_study newId:18761
[2025-11-14 17:57:46] Save_study idno:FRESH-PEF61-fr
[2025-11-14 17:59:04] Save_study
[2025-11-14 17:59:34] Save_study
[2025-11-14 18:00:16] Save_study
[2025-11-14 18:04:29] Save_study
[2025-11-14 18:05:09] Save_study
[2025-11-14 18:05:09] Save_study newId:18761
[2025-11-14 18:05:09] Save_study idno:FRESH-PEF61-fr
[2025-11-14 18:07:43] Save_study
[2025-11-14 18:07:43] Save_study newId:18761
[2025-11-14 18:07:43] Save_study idno:FRESH-PEF61-fr
[2025-11-14 18:17:23] Save_study
[2025-11-14 18:17:23] Save_study newId:18761
[2025-11-14 18:17:23] Save_study idno:FRESH-PEF61-fr
[2025-11-14 18:19:29] Save_study
[2025-11-14 18:19:29] Save_study newId:18761
[2025-11-14 18:19:29] Save_study idno:FRESH-PEF61-fr
[2025-11-14 18:21:10] Save_study
[2025-11-14 18:27:40] Save_study
[2025-11-14 18:27:40] Save_study newId:18761
[2025-11-14 18:27:40] Save_study idno:FRESH-PEF61-fr
[2025-11-14 18:30:14] Save_study
[2025-11-14 18:30:14] Save_study newId:18741
[2025-11-14 18:30:14] Save_study idno:FRESH-PEF61-fr
[2025-11-14 18:30:14] Save_study idno:FRESH-PEF61-en
[2025-11-14 18:31:37] Save_study
[2025-11-14 18:31:37] Save_study newId:18741
[2025-11-14 18:31:37] Save_study idno:FRESH-PEF61-fr
[2025-11-14 18:31:38] Save_study idno:FRESH-PEF61-en
[2025-11-14 18:36:46] Save_study
[2025-11-14 18:36:46] Save_study newId:18765
[2025-11-14 18:36:46] Save_study idno:FRESH-PEF73789-fr
[2025-11-14 18:36:46] Save_study idno:FRESH-PEF73789-en
[2025-11-14 18:39:22] Save_study
[2025-11-14 18:39:22] Save_study newId:18767
[2025-11-14 18:39:22] Save_study idno:FRESH-PEF73789-fr
[2025-11-14 18:40:16] Save_study
[2025-11-14 18:40:16] Save_study newId:18767
[2025-11-14 18:40:16] Save_study idno:FRESH-PEF73789-fr
[2025-11-14 18:41:48] Save_study
[2025-11-14 18:41:48] Save_study newId:18767
[2025-11-14 18:41:48] Save_study idno:FRESH-PEF73789-fr
[2025-11-14 18:46:35] Save_study
[2025-11-14 18:46:35] Save_study newId:18767
[2025-11-14 18:46:35] Save_study idno:FRESH-PEF73789-fr
[2025-11-14 18:47:12] Save_study
[2025-11-14 18:47:12] Save_study newId:18767
[2025-11-14 18:47:12] Save_study idno:FRESH-PEF74146-fr
[2025-11-14 18:48:05] Save_study
[2025-11-14 18:48:05] Save_study newId:18735
[2025-11-14 18:48:05] Save_study idno:FRESH-PEF74146-fr
[2025-11-14 18:48:05] Save_study idno:FRESH-PEF74146-en
[2025-11-14 18:48:28] Save_study
[2025-11-14 18:48:28] Save_study newId:18769
[2025-11-14 18:48:28] Save_study idno:FRESH-PEF73789-fr
[2025-11-14 18:48:28] Save_study idno:FRESH-PEF73789-en
[2025-11-14 18:48:38] Save_study
[2025-11-14 18:48:38] Save_study newId:18771
[2025-11-14 18:48:38] Save_study idno:FRESH-PEF61-fr
[2025-11-14 18:48:38] Save_study idno:FRESH-PEF61-en
[2025-11-14 18:56:48] Save_study
[2025-11-14 18:56:48] Save_study newId:18773
[2025-11-14 18:56:48] Save_study idno:FRESH-PEF60107-fr
[2025-11-14 18:57:46] Save_study
[2025-11-14 18:57:46] Save_study newId:18773
[2025-11-14 18:57:46] Save_study idno:FRESH-PEF61-fr
[2025-11-14 19:01:45] Save_study
[2025-11-14 19:01:45] Save_study newId:18773
[2025-11-14 19:01:45] Save_study idno:FRESH-PEF61-fr
[2025-11-14 19:02:35] Save_study
[2025-11-14 19:02:35] Save_study newId:18771
[2025-11-14 19:02:35] Save_study idno:FRESH-PEF61-fr
[2025-11-14 19:03:19] Save_study
[2025-11-14 19:03:19] Save_study newId:18771
[2025-11-14 19:03:19] Save_study idno:FRESH-PEF61-fr
[2025-11-14 19:03:19] Save_study idno:FRESH-PEF61-en
[2025-11-14 19:03:59] Save_study
[2025-11-14 19:04:00] Save_study newId:18775
[2025-11-14 19:04:00] Save_study idno:FRESH-PEF60107-fr
[2025-11-14 19:05:01] Save_study
[2025-11-14 19:05:01] Save_study newId:18775
[2025-11-14 19:05:01] Save_study idno:FRESH-PEF73789-fr
[2025-11-14 19:05:13] Save_study
[2025-11-14 19:05:13] Save_study newId:18775
[2025-11-14 19:05:13] Save_study idno:FRESH-PEF73789-fr
[2025-11-14 19:05:13] Save_study idno:FRESH-PEF73789-en
[2025-11-14 19:09:34] Save_study
[2025-11-14 19:09:34] Save_study newId:18777
[2025-11-14 19:09:34] Save_study idno:FRESH-PEF60107-fr
[2025-11-14 19:09:34] Save_study idno:FRESH-PEF60107-en
[2025-11-14 19:19:04] Save_study
[2025-11-14 19:19:04] Save_study newId:18779
[2025-11-14 19:19:04] Save_study idno:FRESH-PEF61-fr
[2025-11-14 19:19:05] Save_study idno:FRESH-PEF61-en
[2025-11-14 19:20:26] Save_study
[2025-11-14 19:20:26] Save_study newId:18781
[2025-11-14 19:20:26] Save_study idno:FRESH-PEF61-fr
[2025-11-14 19:23:14] Save_study
[2025-11-14 19:23:14] Save_study newId:18781
[2025-11-14 19:23:14] Save_study idno:FRESH-PEF61-fr
[2025-11-14 19:23:50] Save_study
[2025-11-14 19:23:51] Save_study newId:18779
[2025-11-14 19:23:51] Save_study idno:FRESH-PEF61-fr
[2025-11-14 19:23:51] Save_study idno:FRESH-PEF61-en
[2025-11-14 19:26:20] Save_study
[2025-11-14 19:26:20] Save_study newId:18783
[2025-11-14 19:26:20] Save_study idno:FRESH-PEF60107-fr
[2025-11-14 19:26:20] Save_study idno:FRESH-PEF60107-en
[2025-11-14 21:25:56] Save_study
[2025-11-14 21:25:56] Save_study newId:18785
[2025-11-14 21:25:56] Save_study idno:FRESH-PEF73382-fr
[2025-11-14 21:29:41] Save_study
[2025-11-14 21:29:41] Save_study newId:18785
[2025-11-14 21:29:41] Save_study idno:FRESH-PEF73382-fr
[2025-11-14 21:30:13] Save_study
[2025-11-14 21:30:13] Save_study newId:18785
[2025-11-14 21:30:13] Save_study idno:FRESH-PEF73382-fr
[2025-11-14 21:40:40] Save_study
[2025-11-14 21:40:40] Save_study newId:18785
[2025-11-14 21:40:40] Save_study idno:FRESH-PEF73382-fr
[2025-11-14 21:40:40] Save_study idno:FRESH-PEF73382-en
[2025-11-14 21:41:27] Save_study
[2025-11-14 21:41:27] Save_study newId:18787
[2025-11-14 21:41:27] Save_study idno:FRESH-PEF1035-fr
[2025-11-14 21:41:27] Save_study idno:FRESH-PEF1035-en
[2025-11-14 21:42:14] Save_study
[2025-11-14 21:42:14] Save_study newId:18789
[2025-11-14 21:42:14] Save_study idno:FRESH-PEF1133-fr
[2025-11-14 21:42:14] Save_study idno:FRESH-PEF1133-en
[2025-11-14 21:42:48] Save_study
[2025-11-14 21:42:48] Save_study newId:18791
[2025-11-14 21:42:48] Save_study idno:FRESH-PEF113-fr
[2025-11-14 21:42:48] Save_study idno:FRESH-PEF113-en
[2025-11-14 21:43:20] Save_study
[2025-11-14 21:43:20] Save_study newId:18793
[2025-11-14 21:43:20] Save_study idno:FRESH-PEF139-fr
[2025-11-14 21:43:20] Save_study idno:FRESH-PEF139-en
[2025-11-14 21:43:53] Save_study
[2025-11-14 21:43:53] Save_study newId:18795
[2025-11-14 21:43:53] Save_study idno:FRESH-PEF168-fr
[2025-11-14 21:43:53] Save_study idno:FRESH-PEF168-en
[2025-11-14 21:46:09] Save_study
[2025-11-14 21:46:09] Save_study newId:18797
[2025-11-14 21:46:09] Save_study idno:FRESH-PEF60107-fr
[2025-11-14 21:46:10] Save_study idno:FRESH-PEF60107-en
[2025-11-14 21:49:22] Save_study
[2025-11-14 21:49:22] Save_study newId:18797
[2025-11-14 21:49:22] Save_study idno:FRESH-PEF60107-fr
[2025-11-14 21:49:22] Save_study idno:FRESH-PEF60107-en
[2025-11-14 21:51:55] Save_study
[2025-11-14 21:51:55] Save_study newId:18797
[2025-11-14 21:51:55] Save_study idno:FRESH-PEF60107-fr
[2025-11-14 21:51:55] Save_study idno:FRESH-PEF60107-en
[2025-11-14 21:52:20] Save_study
[2025-11-14 21:52:20] Save_study newId:18803
[2025-11-14 21:52:20] Save_study idno:FRESH-PEF20971-fr
[2025-11-14 21:52:20] Save_study idno:FRESH-PEF20971-en
[2025-11-14 21:53:20] Save_study
[2025-11-14 21:53:20] Save_study newId:18805
[2025-11-14 21:53:20] Save_study idno:FRESH-PEF22948-fr
[2025-11-14 21:53:20] Save_study idno:FRESH-PEF22948-en
[2025-11-14 21:54:05] Save_study
[2025-11-14 21:54:05] Save_study newId:18807
[2025-11-14 21:54:05] Save_study idno:FRESH-PEF73323-fr
[2025-11-14 21:54:06] Save_study idno:FRESH-PEF73323-en
[2025-11-14 21:54:53] Save_study
[2025-11-14 21:54:53] Save_study newId:18809
[2025-11-14 21:54:53] Save_study idno:FRESH-PEF73365-fr
[2025-11-14 21:54:53] Save_study idno:FRESH-PEF73365-en
[2025-11-14 22:22:11] Save_study
[2025-11-14 22:22:11] Save_study newId:18811
[2025-11-14 22:22:11] Save_study idno:FRESH-PEF60107-fr
[2025-11-14 22:25:28] Save_study
[2025-11-14 22:25:28] Save_study newId:18811
[2025-11-14 22:25:28] Save_study idno:FRESH-PEF60107-fr
[2025-11-14 22:25:28] Save_study idno:FRESH-PEF60107-en
[2025-11-14 22:28:58] Save_study
[2025-11-14 22:28:58] Save_study newId:18811
[2025-11-14 22:28:58] Save_study idno:FRESH-PEF60107-fr
[2025-11-14 22:28:58] Save_study idno:FRESH-PEF60107-en
[2025-11-15 16:34:53] Save_study
[2025-11-15 16:34:54] Save_study newId:18815
[2025-11-15 16:34:54] Save_study idno:FRESH-PEF91-fr
[2025-11-15 16:39:43] Save_study
[2025-11-15 16:39:43] Save_study newId:18815
[2025-11-15 16:39:43] Save_study idno:FRESH-PEF91-fr
[2025-11-15 16:39:43] Save_study idno:FRESH-PEF91-en
[2025-11-15 16:40:39] Save_study
[2025-11-15 16:40:39] Save_study newId:18817
[2025-11-15 16:40:39] Save_study idno:FRESH-PEF60107-fr
[2025-11-15 16:42:23] Save_study
[2025-11-15 16:42:23] Save_study newId:18817
[2025-11-15 16:42:23] Save_study idno:FRESH-PEF60107-fr
[2025-11-15 16:42:23] Save_study idno:FRESH-PEF60107-en
[2025-11-15 16:47:26] Save_study
[2025-11-15 16:47:26] Save_study newId:18819
[2025-11-15 16:47:26] Save_study idno:FRESH-PEF2334-fr
[2025-11-15 16:47:26] Save_study idno:FRESH-PEF2334-en
[2025-11-15 16:51:30] Save_study
[2025-11-15 16:51:30] Save_study newId:18819
[2025-11-15 16:51:30] Save_study idno:FRESH-PEF2334-fr
[2025-11-15 16:51:30] Save_study idno:FRESH-PEF2334-en
[2025-11-15 16:52:11] Save_study
[2025-11-15 16:52:11] Save_study newId:18823
[2025-11-15 16:52:11] Save_study idno:FRESH-PEF2334-fr
[2025-11-15 16:54:17] Save_study
[2025-11-15 16:54:17] Save_study newId:18823
[2025-11-15 16:54:17] Save_study idno:FRESH-PEF2334-fr
[2025-11-15 16:54:30] Save_study
[2025-11-15 16:54:30] Save_study newId:18819
[2025-11-15 16:54:30] Save_study idno:FRESH-PEF2334-fr
[2025-11-15 16:54:31] Save_study idno:FRESH-PEF2334-en
[2025-11-15 16:59:59] Save_study
[2025-11-15 16:59:59] Save_study newId:18819
[2025-11-15 16:59:59] Save_study idno:FRESH-PEF2334-fr
[2025-11-15 17:00:37] Save_study
[2025-11-15 17:00:37] Save_study newId:18819
[2025-11-15 17:00:37] Save_study idno:FRESH-PEF2334-fr
[2025-11-15 17:03:39] Save_study
[2025-11-15 17:03:39] Save_study newId:18819
[2025-11-15 17:03:39] Save_study idno:FRESH-PEF2334-fr
[2025-11-15 17:03:39] Save_study idno:FRESH-PEF2334-en
[2025-11-15 17:08:00] Save_study
[2025-11-15 17:08:00] Save_study newId:18827
[2025-11-15 17:08:00] Save_study idno:FRESH-PEF2334-fr
[2025-11-15 17:08:24] Save_study
[2025-11-15 17:08:24] Save_study newId:18819
[2025-11-15 17:08:24] Save_study idno:FRESH-PEF2334-fr
[2025-11-15 17:08:24] Save_study idno:FRESH-PEF2334-en
[2025-11-15 17:09:58] Save_study
[2025-11-15 17:09:58] Save_study newId:18819
[2025-11-15 17:09:58] Save_study idno:FRESH-PEF2334-fr
[2025-11-15 17:09:58] Save_study idno:FRESH-PEF2334-en
[2025-11-15 17:19:03] Save_study
[2025-11-15 17:19:04] Save_study newId:18831
[2025-11-15 17:19:04] Save_study idno:FRESH-PEF2334-fr
[2025-11-15 17:20:07] Save_study
[2025-11-15 17:20:07] Save_study newId:18819
[2025-11-15 17:20:07] Save_study idno:FRESH-PEF2334-fr
[2025-11-15 17:20:27] Save_study
[2025-11-15 17:20:27] Save_study newId:18819
[2025-11-15 17:20:27] Save_study idno:FRESH-PEF2334-fr
[2025-11-15 17:21:03] Save_study
[2025-11-15 17:21:03] Save_study newId:18819
[2025-11-15 17:21:03] Save_study idno:FRESH-PEF60107-fr
[2025-11-15 17:24:47] Save_study
[2025-11-15 17:24:47] Save_study newId:18819
[2025-11-15 17:24:47] Save_study idno:FRESH-PEF60107-fr
[2025-11-15 17:25:02] Save_study
[2025-11-15 17:25:02] Save_study newId:18819
[2025-11-15 17:25:02] Save_study idno:FRESH-PEF2334-fr
[2025-11-15 17:25:03] Save_study idno:FRESH-PEF2334-en
[2025-11-15 17:27:03] Save_study
[2025-11-15 17:27:03] Save_study newId:18833
[2025-11-15 17:27:03] Save_study idno:FRESH-PEF2334-fr
[2025-11-15 17:28:00] Save_study
[2025-11-15 17:28:00] Save_study newId:18833
[2025-11-15 17:28:00] Save_study idno:FRESH-PEF2334-fr
[2025-11-15 17:30:44] Save_study
[2025-11-15 17:30:44] Save_study newId:18819
[2025-11-15 17:30:44] Save_study idno:FRESH-PEF2334-fr
[2025-11-15 17:30:44] Save_study idno:FRESH-PEF2334-en
[2025-11-15 17:35:46] Save_study
[2025-11-15 17:35:46] Save_study newId:18819
[2025-11-15 17:35:46] Save_study idno:FRESH-PEF2334-fr
[2025-11-15 17:35:46] Save_study idno:FRESH-PEF2334-en
[2025-11-15 17:37:12] Save_study
[2025-11-15 17:37:12] Save_study newId:18837
[2025-11-15 17:37:12] Save_study idno:FRESH-PEF2334-fr
[2025-11-15 17:37:36] Save_study
[2025-11-15 17:37:36] Save_study newId:18819
[2025-11-15 17:37:36] Save_study idno:FRESH-PEF2334-fr
[2025-11-15 17:37:36] Save_study idno:FRESH-PEF2334-en
[2025-11-15 17:38:30] Save_study
[2025-11-15 17:38:30] Save_study newId:18819
[2025-11-15 17:38:30] Save_study idno:FRESH-PEF2334-fr
[2025-11-15 17:38:30] Save_study idno:FRESH-PEF2334-en
[2025-11-15 17:38:52] Save_study
[2025-11-15 17:38:52] Save_study newId:18841
[2025-11-15 17:38:52] Save_study idno:FRESH-PEF2334-fr
[2025-11-15 17:42:56] Save_study
[2025-11-15 17:42:57] Save_study newId:18819
[2025-11-15 17:42:57] Save_study idno:FRESH-PEF2334-fr
[2025-11-15 17:42:57] Save_study idno:FRESH-PEF2334-en
[2025-11-15 17:43:53] Save_study
[2025-11-15 17:43:53] Save_study newId:18843
[2025-11-15 17:43:53] Save_study idno:FRESH-PEF2334-fr
[2025-11-15 17:46:51] Save_study
[2025-11-15 17:46:51] Save_study newId:18843
[2025-11-15 17:46:51] Save_study idno:FRESH-PEF2334-fr
[2025-11-15 17:47:26] Save_study
[2025-11-15 17:47:27] Save_study newId:18819
[2025-11-15 17:47:27] Save_study idno:FRESH-PEF2334-fr
[2025-11-15 17:47:27] Save_study idno:FRESH-PEF2334-en
[2025-11-15 17:48:44] Save_study
[2025-11-15 17:48:44] Save_study newId:18819
[2025-11-15 17:48:44] Save_study idno:FRESH-PEF2334-fr
[2025-11-15 17:48:45] Save_study idno:FRESH-PEF2334-en
[2025-11-15 17:50:12] Save_study
[2025-11-15 17:50:12] Save_study newId:18819
[2025-11-15 17:50:12] Save_study idno:FRESH-PEF2334-fr
[2025-11-15 17:50:13] Save_study idno:FRESH-PEF2334-en
[2025-11-15 17:50:58] Save_study
[2025-11-15 17:50:58] Save_study newId:18819
[2025-11-15 17:50:58] Save_study idno:FRESH-PEF2334-fr
[2025-11-15 17:50:58] Save_study idno:FRESH-PEF2334-en
[2025-11-15 17:52:16] Save_study
[2025-11-15 17:52:16] Save_study newId:18817
[2025-11-15 17:52:16] Save_study idno:FRESH-PEF2334-fr
[2025-11-15 17:52:16] Save_study idno:FRESH-PEF2334-en
[2025-11-15 17:52:54] Save_study
[2025-11-15 17:52:54] Save_study newId:18853
[2025-11-15 17:52:54] Save_study idno:FRESH-PEF60107-fr
[2025-11-15 17:52:55] Save_study idno:FRESH-PEF60107-en
[2025-11-15 17:53:05] Save_study
[2025-11-15 17:53:05] Save_study newId:18855
[2025-11-15 17:53:05] Save_study idno:FRESH-PEF91-fr
[2025-11-15 17:53:22] Save_study
[2025-11-15 17:53:22] Save_study newId:18855
[2025-11-15 17:53:22] Save_study idno:FRESH-PEF91-fr
[2025-11-15 17:53:22] Save_study idno:FRESH-PEF91-en
[2025-11-15 17:55:54] Save_study
[2025-11-15 17:55:54] Save_study newId:18857
[2025-11-15 17:55:54] Save_study idno:FRESH-PEF91-fr
[2025-11-15 17:56:09] Save_study
[2025-11-15 17:56:09] Save_study newId:18857
[2025-11-15 17:56:09] Save_study idno:FRESH-PEF91-fr
[2025-11-15 17:59:01] Save_study
[2025-11-15 17:59:02] Save_study newId:18857
[2025-11-15 17:59:02] Save_study idno:FRESH-PEF91-fr
[2025-11-15 17:59:31] Save_study
[2025-11-15 17:59:31] Save_study newId:18857
[2025-11-15 17:59:31] Save_study idno:FRESH-PEF91-fr
[2025-11-15 18:02:37] Save_study
[2025-11-15 18:02:37] Save_study newId:18857
[2025-11-15 18:02:37] Save_study idno:FRESH-PEF91-fr
[2025-11-15 18:03:11] Save_study
[2025-11-15 18:03:11] Save_study newId:18855
[2025-11-15 18:03:11] Save_study idno:FRESH-PEF91-fr
[2025-11-15 18:03:11] Save_study idno:FRESH-PEF91-en
[2025-11-15 18:03:53] Save_study
[2025-11-15 18:03:53] Save_study newId:18859
[2025-11-15 18:03:53] Save_study idno:FRESH-PEF2334-fr
[2025-11-15 18:03:53] Save_study idno:FRESH-PEF2334-en
[2025-11-15 18:04:58] Save_study
[2025-11-15 18:04:58] Save_study newId:18861
[2025-11-15 18:04:58] Save_study idno:FRESH-PEF60107-fr
[2025-11-15 18:04:58] Save_study idno:FRESH-PEF60107-en
[2025-11-15 18:09:54] Save_study
[2025-11-15 18:09:54] Save_study newId:18863
[2025-11-15 18:09:54] Save_study idno:FRESH-PEF60107-fr
[2025-11-15 18:10:13] Save_study
[2025-11-15 18:10:13] Save_study newId:18809
[2025-11-15 18:10:13] Save_study idno:FRESH-PEF60107-fr
[2025-11-15 18:10:13] Save_study idno:FRESH-PEF60107-en
[2025-11-15 18:14:10] Save_study
[2025-11-15 18:14:10] Save_study newId:18865
[2025-11-15 18:14:10] Save_study idno:FRESH-PEF91-fr
[2025-11-15 18:14:11] Save_study idno:FRESH-PEF91-en
[2025-11-15 18:15:26] Save_study
[2025-11-15 18:15:26] Save_study newId:18867
[2025-11-15 18:15:26] Save_study idno:FRESH-PEF60107-fr
[2025-11-15 18:15:27] Save_study idno:FRESH-PEF60107-en
[2025-11-15 18:17:51] Save_study
[2025-11-15 18:17:51] Save_study newId:18809
[2025-11-15 18:17:51] Save_study idno:FRESH-PEF60107-fr
[2025-11-15 18:17:51] Save_study idno:FRESH-PEF60107-en
[2025-11-15 18:18:37] Save_study
[2025-11-15 18:18:37] Save_study newId:18871
[2025-11-15 18:18:37] Save_study idno:FRESH-PEF2334-fr
[2025-11-15 18:18:37] Save_study idno:FRESH-PEF2334-en
[2025-11-15 18:24:28] Save_study
[2025-11-15 18:24:28] Save_study newId:18873
[2025-11-15 18:24:28] Save_study idno:FRESH-PEF91-fr
[2025-11-15 18:24:28] Save_study idno:FRESH-PEF91-en
[2025-11-15 18:29:07] Save_study
[2025-11-15 18:29:07] Save_study newId:18873
[2025-11-15 18:29:07] Save_study idno:FRESH-PEF91-fr
[2025-11-15 18:29:07] Save_study idno:FRESH-PEF91-en
[2025-11-15 18:29:55] Save_study
[2025-11-15 18:29:55] Save_study newId:18877
[2025-11-15 18:29:55] Save_study idno:FRESH-PEF2334-fr
[2025-11-15 18:29:55] Save_study idno:FRESH-PEF2334-en
[2025-11-15 18:30:43] Save_study
[2025-11-15 18:30:43] Save_study newId:18879
[2025-11-15 18:30:43] Save_study idno:FRESH-PEF60107-fr
[2025-11-15 18:30:43] Save_study idno:FRESH-PEF60107-en
[2025-11-15 18:34:52] Save_study
[2025-11-15 18:34:52] Save_study newId:18881
[2025-11-15 18:34:52] Save_study idno:FRESH-PEF96-fr
[2025-11-15 18:34:52] Save_study idno:FRESH-PEF96-en
[2025-11-15 18:35:32] Save_study
[2025-11-15 18:35:32] Save_study newId:18883
[2025-11-15 18:35:32] Save_study idno:FRESH-PEF98-fr
[2025-11-15 18:35:32] Save_study idno:FRESH-PEF98-en
[2025-11-17 08:05:56] Save_study
[2025-11-17 08:05:56] Save_study newId:18885
[2025-11-17 08:05:56] Save_study idno:FRESH-PEF62-fr
[2025-11-17 08:05:57] Save_study idno:FRESH-PEF62-en
[2025-11-17 08:12:43] Save_study
[2025-11-17 08:12:43] Save_study newId:18887
[2025-11-17 08:12:43] Save_study idno:FRESH-PEF180-fr
[2025-11-17 08:12:43] Save_study idno:FRESH-PEF180-en
[2025-11-17 10:05:09] Save_study
[2025-11-17 10:05:09] Save_study newId:18891
[2025-11-17 10:05:09] Save_study idno:FRESH-PEF73247-TEST-fr
[2025-11-17 10:05:09] Save_study idno:FRESH-PEF73247-TEST-en
[2025-11-17 10:59:54] Save_study
[2025-11-17 11:00:00] Save_study
[2025-11-17 11:01:17] Save_study
[2025-11-17 11:03:26] Save_study
[2025-11-17 11:03:41] Save_study
[2025-11-17 11:04:33] Save_study
[2025-11-17 11:08:52] Save_study
[2025-11-17 11:08:52] Save_study newId:18895
[2025-11-17 11:08:52] Save_study idno:FRESH-PEF73247-TEST-fr
[2025-11-17 11:16:17] Save_study
[2025-11-17 11:16:17] Save_study newId:18895
[2025-11-17 11:16:17] Save_study idno:FRESH-PEF73247-TEST-fr
[2025-11-17 11:16:17] Save_study idno:FRESH-PEF73247-TEST-en
[2025-11-17 11:17:51] Save_study
[2025-11-17 11:17:51] Save_study newId:18897
[2025-11-17 11:17:51] Save_study idno:FRESH-PEF73247-TEST-fr
[2025-11-17 11:33:59] Save_study
[2025-11-17 11:33:59] Save_study newId:18895
[2025-11-17 11:33:59] Save_study idno:FRESH-PEF73247-TEST-fr
[2025-11-17 11:36:59] Save_study
[2025-11-17 11:37:29] Save_study
[2025-11-17 11:38:23] Save_study
[2025-11-17 11:39:26] Save_study
[2025-11-17 11:39:26] Save_study newId:18895
[2025-11-17 11:39:26] Save_study idno:FRESH-PEF73247-TEST-fr
[2025-11-17 11:41:51] Save_study
[2025-11-17 11:41:52] Save_study newId:18895
[2025-11-17 11:41:52] Save_study idno:FRESH-PEF73247-TEST-fr
[2025-11-17 11:45:01] Save_study
[2025-11-17 11:45:01] Save_study newId:18895
[2025-11-17 11:45:01] Save_study idno:FRESH-PEF73247-TEST-fr
[2025-11-17 11:45:46] Save_study
[2025-11-17 11:45:46] Save_study newId:18895
[2025-11-17 11:45:46] Save_study idno:FRESH-PEF73247-TEST-fr
[2025-11-17 11:47:10] Save_study
[2025-11-17 11:48:58] Save_study
[2025-11-17 11:48:58] Save_study newId:18895
[2025-11-17 11:48:58] Save_study idno:FRESH-PEF73247-TEST-fr
[2025-11-17 11:48:58] Save_study idno:FRESH-PEF73247-TEST-en
[2025-11-17 11:51:04] Save_study
[2025-11-17 11:51:44] Save_study
[2025-11-17 11:54:03] Save_study
[2025-11-17 11:55:46] Save_study
[2025-11-17 11:55:46] Save_study newId:18895
[2025-11-17 11:55:46] Save_study idno:FRESH-PEF73247-TEST-fr
[2025-11-17 11:58:54] Save_study
[2025-11-17 11:58:54] Save_study newId:18895
[2025-11-17 11:58:54] Save_study idno:FRESH-PEF73247-TEST-fr
[2025-11-17 12:03:14] Save_study
[2025-11-17 12:03:14] Save_study newId:18895
[2025-11-17 12:03:14] Save_study idno:FRESH-PEF73247-TEST-fr
[2025-11-17 12:03:14] Save_study idno:FRESH-PEF73247-TEST-en
[2025-11-17 12:45:14] Save_study
[2025-11-17 12:47:44] Save_study
[2025-11-17 12:47:47] Save_study
[2025-11-17 12:48:35] Save_study
[2025-11-17 12:48:35] Save_study newId:18903
[2025-11-17 12:48:35] Save_study idno:FRESH-PEF73247-TEST-fr
[2025-11-17 12:48:35] Save_study idno:FRESH-PEF73247-TEST-en
[2025-11-17 12:55:31] Save_study
[2025-11-17 12:55:31] Save_study newId:18903
[2025-11-17 12:55:31] Save_study idno:FRESH-PEF73247-TEST-fr
[2025-11-17 12:55:31] Save_study idno:FRESH-PEF73247-TEST-en
[2025-11-17 13:07:17] Save_study
[2025-11-17 13:10:05] Save_study
[2025-11-17 13:10:05] Save_study newId:18903
[2025-11-17 13:10:05] Save_study idno:FRESH-PEF73247-TEST-fr
[2025-11-17 13:10:05] Save_study idno:FRESH-PEF73247-TEST-en
[2025-11-17 13:23:39] Save_study
[2025-11-17 13:23:39] Save_study newId:18903
[2025-11-17 13:23:39] Save_study idno:FRESH-PEF73247-TEST-fr
[2025-11-17 13:23:40] Save_study idno:FRESH-PEF73247-TEST-en
[2025-11-17 13:40:39] Save_study
[2025-11-17 13:40:39] Save_study newId:18903
[2025-11-17 13:40:39] Save_study idno:FRESH-PEF73247-TEST-fr
[2025-11-17 13:40:39] Save_study idno:FRESH-PEF73247-TEST-en
[2025-11-17 13:41:52] Save_study
[2025-11-17 13:41:52] Save_study newId:18903
[2025-11-17 13:41:52] Save_study idno:FRESH-PEF73247-TEST-fr
[2025-11-17 13:41:53] Save_study idno:FRESH-PEF73247-TEST-en
[2025-11-17 13:44:37] Save_study
[2025-11-17 13:44:37] Save_study newId:18903
[2025-11-17 13:44:37] Save_study idno:FRESH-PEF73247-TEST-fr
[2025-11-17 13:44:37] Save_study idno:FRESH-PEF73247-TEST-en
[2025-11-17 13:46:06] Save_study
[2025-11-17 13:46:06] Save_study newId:18903
[2025-11-17 13:46:06] Save_study idno:FRESH-PEF73247-TEST-fr
[2025-11-17 13:46:06] Save_study idno:FRESH-PEF73247-TEST-en
[2025-11-17 13:47:29] Save_study
[2025-11-17 13:47:29] Save_study newId:18919
[2025-11-17 13:47:29] Save_study idno:FRESH-PEF73247-TEST-fr
[2025-11-17 13:49:52] Save_study
[2025-11-17 13:49:52] Save_study newId:18903
[2025-11-17 13:49:52] Save_study idno:FRESH-PEF73247-TEST-fr
[2025-11-17 13:49:52] Save_study idno:FRESH-PEF73247-TEST-en
[2025-11-19 10:32:56] Save_study
[2025-11-19 10:32:57] Save_study newId:18903
[2025-11-19 10:32:57] Save_study idno:FRESH-PEF73247-TEST-fr
[2025-11-19 10:32:57] Save_study idno:FRESH-PEF73247-TEST-en
[2025-11-19 10:37:33] Save_study
[2025-11-19 10:37:33] Save_study newId:18903
[2025-11-19 10:37:33] Save_study idno:FRESH-PEF73247-TEST-fr
[2025-11-19 10:37:34] Save_study idno:FRESH-PEF73247-TEST-en
[2025-11-19 10:57:50] Save_study
[2025-11-19 10:57:50] Save_study newId:18927
[2025-11-19 10:57:50] Save_study idno:FRESH-PEF73247-TEST-fr
[2025-11-19 10:57:50] Save_study idno:FRESH-PEF73247-TEST-en
[2025-11-19 11:08:54] Save_study
[2025-11-19 11:08:54] Save_study newId:18927
[2025-11-19 11:08:54] Save_study idno:FRESH-PEF73247-TEST-fr
[2025-11-19 11:08:54] Save_study idno:FRESH-PEF73247-TEST-en
[2025-11-19 11:27:21] Save_study
[2025-11-19 11:27:21] Save_study newId:18931
[2025-11-19 11:27:21] Save_study idno:FRESH-PEF22906-fr
[2025-11-19 11:27:21] Save_study idno:FRESH-PEF22906-en
[2025-11-19 12:22:09] Save_study
[2025-11-19 12:22:09] Save_study newId:18933
[2025-11-19 12:22:09] Save_study idno:FRESH-PEF73247-TEST-fr
[2025-11-19 12:22:09] Save_study idno:FRESH-PEF73247-TEST-en
[2025-11-19 12:33:46] Save_study
[2025-11-19 12:34:30] Save_study
[2025-11-19 12:34:30] Save_study newId:18933
[2025-11-19 12:34:30] Save_study idno:FRESH-PEF73247-TEST-fr
[2025-11-19 12:34:30] Save_study idno:FRESH-PEF73247-TEST-en
[2025-11-19 12:36:45] Save_study
[2025-11-19 12:36:45] Save_study newId:18933
[2025-11-19 12:36:45] Save_study idno:FRESH-PEF73247-TEST-fr
[2025-11-19 12:36:46] Save_study idno:FRESH-PEF73247-TEST-en
[2025-11-19 15:21:20] Save_study
[2025-11-19 15:21:20] Save_study newId:18933
[2025-11-19 15:21:20] Save_study idno:FRESH-PEF73247-TEST-fr
[2025-11-19 15:21:21] Save_study idno:FRESH-PEF73247-TEST-en
[2025-11-20 08:33:50] Save_study
[2025-11-20 08:33:51] Save_study newId:18933
[2025-11-20 08:33:51] Save_study idno:FRESH-PEF73247-TEST-fr
[2025-11-20 08:33:51] Save_study idno:FRESH-PEF73247-TEST-en
[2025-11-20 08:37:32] Save_study
[2025-11-20 08:37:32] Save_study newId:18933
[2025-11-20 08:37:32] Save_study idno:FRESH-PEF73247-TEST-fr
[2025-11-20 08:37:32] Save_study idno:FRESH-PEF73247-TEST-en
[2025-11-20 08:44:33] Save_study
[2025-11-20 08:44:33] Save_study newId:18933
[2025-11-20 08:44:33] Save_study idno:FRESH-PEF73247-TEST-fr
[2025-11-20 08:44:33] Save_study idno:FRESH-PEF73247-TEST-en
[2025-11-20 08:47:38] Save_study
[2025-11-20 08:47:38] Save_study newId:18933
[2025-11-20 08:47:38] Save_study idno:FRESH-PEF73247-TEST-fr
[2025-11-20 08:47:38] Save_study idno:FRESH-PEF73247-TEST-en
[2025-11-20 08:51:00] Save_study
[2025-11-20 08:51:00] Save_study newId:18933
[2025-11-20 08:51:00] Save_study idno:FRESH-PEF73247-TEST-fr
[2025-11-20 08:51:00] Save_study idno:FRESH-PEF73247-TEST-en
[2025-11-20 08:57:47] Save_study
[2025-11-20 08:57:47] Save_study newId:18933
[2025-11-20 08:57:47] Save_study idno:FRESH-PEF73247-TEST-fr
[2025-11-20 08:57:47] Save_study idno:FRESH-PEF73247-TEST-en
[2025-11-20 09:30:21] Save_study
[2025-11-20 09:30:21] Save_study newId:18955
[2025-11-20 09:30:21] Save_study idno:FRESH-PEF73247-TEST-fr
[2025-11-20 09:30:21] Save_study idno:FRESH-PEF73247-TEST-en
[2025-11-20 09:33:15] Save_study
[2025-11-20 09:33:15] Save_study newId:18955
[2025-11-20 09:33:15] Save_study idno:FRESH-PEF73247-TEST-fr
[2025-11-20 09:33:15] Save_study idno:FRESH-PEF73247-TEST-en
[2025-11-20 09:38:00] Save_study
[2025-11-20 09:38:00] Save_study newId:18955
[2025-11-20 09:38:00] Save_study idno:FRESH-PEF73247-TEST-fr
[2025-11-20 09:40:36] Save_study
[2025-11-20 09:40:37] Save_study newId:18955
[2025-11-20 09:40:37] Save_study idno:FRESH-PEF73247-TEST-fr
[2025-11-20 09:40:37] Save_study idno:FRESH-PEF73247-TEST-en
[2025-11-20 09:51:43] Save_study
[2025-11-20 09:52:09] Save_study
[2025-11-20 09:52:09] Save_study newId:18955
[2025-11-20 09:52:09] Save_study idno:FRESH-PEF73247-TEST-fr
[2025-11-20 09:52:09] Save_study idno:FRESH-PEF73247-TEST-en
[2025-11-20 10:20:32] Save_study
[2025-11-20 10:25:36] Save_study
[2025-11-20 10:25:36] Save_study newId:18955
[2025-11-20 10:25:36] Save_study idno:FRESH-PEF73247-TEST-fr
[2025-11-20 10:25:36] Save_study idno:FRESH-PEF73247-TEST-en
[2025-11-20 10:36:03] Save_study
[2025-11-20 10:36:04] Save_study newId:18955
[2025-11-20 10:36:04] Save_study idno:FRESH-PEF73247-TEST-fr
[2025-11-20 10:36:04] Save_study idno:FRESH-PEF73247-TEST-en
[2025-11-20 10:41:32] Save_study
[2025-11-20 10:41:32] Save_study newId:18955
[2025-11-20 10:41:32] Save_study idno:FRESH-PEF73247-TEST-fr
[2025-11-20 10:41:33] Save_study idno:FRESH-PEF73247-TEST-en
[2025-11-20 10:46:07] Save_study
[2025-11-20 10:50:37] Save_study
[2025-11-20 10:52:45] Save_study
[2025-11-20 10:53:04] Save_study
[2025-11-20 10:55:33] Save_study
[2025-11-20 10:56:16] Save_study
[2025-11-20 10:57:17] Save_study
[2025-11-20 11:04:00] Save_study
[2025-11-20 11:04:57] Save_study
[2025-11-20 11:08:24] Save_study
[2025-11-20 11:10:51] Save_study
[2025-11-20 11:13:33] Save_study
[2025-11-20 11:16:28] Save_study
[2025-11-20 11:16:28] Save_study newId:18955
[2025-11-20 11:16:28] Save_study idno:FRESH-PEF73247-TEST-fr
[2025-11-20 11:16:28] Save_study idno:FRESH-PEF73247-TEST-en
[2025-11-20 11:41:28] Save_study
[2025-11-20 11:41:28] Save_study newId:18955
[2025-11-20 11:41:28] Save_study idno:FRESH-PEF73247-TEST-fr
[2025-11-20 11:41:29] Save_study idno:FRESH-PEF73247-TEST-en
[2025-11-20 11:46:41] Save_study
[2025-11-20 11:46:41] Save_study newId:18955
[2025-11-20 11:46:41] Save_study idno:FRESH-PEF73247-TEST-fr
[2025-11-20 11:47:00] Save_study
[2025-11-20 11:47:01] Save_study newId:18955
[2025-11-20 11:47:01] Save_study idno:FRESH-PEF73247-TEST-fr
[2025-11-20 11:47:49] Save_study
[2025-11-20 11:47:49] Save_study newId:18955
[2025-11-20 11:47:49] Save_study idno:FRESH-PEF73247-TEST-fr
[2025-11-20 11:49:56] Save_study
[2025-11-20 11:49:56] Save_study newId:18955
[2025-11-20 11:49:56] Save_study idno:FRESH-PEF73247-TEST-fr
[2025-11-20 11:50:08] Save_study
[2025-11-20 11:50:08] Save_study newId:18955
[2025-11-20 11:50:08] Save_study idno:FRESH-PEF73247-TEST-fr
[2025-11-20 11:52:27] Save_study
[2025-11-20 11:52:27] Save_study newId:18955
[2025-11-20 11:52:27] Save_study idno:FRESH-PEF73247-TEST-fr
[2025-11-20 11:52:28] Save_study idno:FRESH-PEF73247-TEST-en
[2025-11-20 11:55:52] Save_study
[2025-11-20 11:55:52] Save_study newId:18955
[2025-11-20 11:55:52] Save_study idno:FRESH-PEF73247-TEST-fr
[2025-11-20 11:56:41] Save_study
[2025-11-20 11:56:41] Save_study newId:18955
[2025-11-20 11:56:41] Save_study idno:FRESH-PEF73247-TEST-fr
[2025-11-20 11:56:42] Save_study idno:FRESH-PEF73247-TEST-en
[2025-11-20 11:59:50] Save_study
[2025-11-20 11:59:50] Save_study newId:18978
[2025-11-20 11:59:50] Save_study idno:FRESH-PEF73247-TEST-fr
[2025-11-20 12:00:01] Save_study
[2025-11-20 12:00:01] Save_study newId:18955
[2025-11-20 12:00:01] Save_study idno:FRESH-PEF73247-TEST-fr
[2025-11-20 12:00:02] Save_study idno:FRESH-PEF73247-TEST-en
[2025-11-20 12:01:37] Save_study
[2025-11-20 12:01:37] Save_study newId:18955
[2025-11-20 12:01:37] Save_study idno:FRESH-PEF73247-TEST-fr
[2025-11-20 12:01:38] Save_study idno:FRESH-PEF73247-TEST-en
[2025-11-20 12:05:03] Save_study
[2025-11-20 12:05:03] Save_study newId:18955
[2025-11-20 12:05:03] Save_study idno:FRESH-PEF73247-TEST-fr
[2025-11-20 12:05:03] Save_study idno:FRESH-PEF73247-TEST-en
[2025-11-20 12:06:13] Save_study
[2025-11-20 12:06:14] Save_study newId:18955
[2025-11-20 12:06:14] Save_study idno:FRESH-PEF73247-TEST-fr
[2025-11-20 12:10:05] Save_study
[2025-11-20 12:10:05] Save_study newId:18955
[2025-11-20 12:10:05] Save_study idno:FRESH-PEF73247-TEST-fr
[2025-11-20 12:10:11] Save_study
[2025-11-20 12:10:11] Save_study newId:18955
[2025-11-20 12:10:11] Save_study idno:FRESH-PEF73247-TEST-fr
[2025-11-20 12:11:49] Save_study
[2025-11-20 12:11:50] Save_study newId:18955
[2025-11-20 12:11:50] Save_study idno:FRESH-PEF73247-TEST-fr
[2025-11-20 12:12:55] Save_study
[2025-11-20 12:12:55] Save_study newId:18955
[2025-11-20 12:12:55] Save_study idno:FRESH-PEF73247-TEST-fr
[2025-11-20 12:12:56] Save_study idno:FRESH-PEF73247-TEST-en
[2025-11-20 12:18:02] Save_study
[2025-11-20 12:18:02] Save_study newId:18955
[2025-11-20 12:18:02] Save_study idno:FRESH-PEF73247-TEST-fr
[2025-11-20 12:18:03] Save_study idno:FRESH-PEF73247-TEST-en
[2025-11-20 12:22:47] Save_study
[2025-11-20 12:22:47] Save_study newId:18955
[2025-11-20 12:22:47] Save_study idno:FRESH-PEF73247-TEST-fr
[2025-11-20 12:22:47] Save_study idno:FRESH-PEF73247-TEST-en
[2025-11-20 12:24:33] Save_study
[2025-11-20 12:24:33] Save_study newId:18955
[2025-11-20 12:24:33] Save_study idno:FRESH-PEF73247-TEST-fr
[2025-11-20 12:24:33] Save_study idno:FRESH-PEF73247-TEST-en
[2025-11-20 12:48:40] Save_study
[2025-11-20 12:48:41] Save_study newId:18955
[2025-11-20 12:48:41] Save_study idno:FRESH-PEF73247-TEST-fr
[2025-11-20 12:48:41] Save_study idno:FRESH-PEF73247-TEST-en
[2025-11-20 12:58:12] Save_study
[2025-11-20 12:58:12] Save_study newId:18955
[2025-11-20 12:58:12] Save_study idno:FRESH-PEF73247-TEST-fr
[2025-11-20 12:58:13] Save_study idno:FRESH-PEF73247-TEST-en
[2025-11-20 13:04:47] Save_study
[2025-11-20 13:04:48] Save_study newId:18955
[2025-11-20 13:04:48] Save_study idno:FRESH-PEF73247-TEST-fr
[2025-11-20 13:04:48] Save_study idno:FRESH-PEF73247-TEST-en
[2025-11-20 13:10:00] Save_study
[2025-11-20 13:10:00] Save_study newId:18998
[2025-11-20 13:10:00] Save_study idno:FRESH-PEF73247-TEST-fr
[2025-11-20 13:11:07] Save_study
[2025-11-20 13:11:07] Save_study newId:18998
[2025-11-20 13:11:07] Save_study idno:FRESH-PEF73247-TEST-fr
[2025-11-20 13:11:52] Save_study
[2025-11-20 13:11:52] Save_study newId:18998
[2025-11-20 13:11:52] Save_study idno:FRESH-PEF73247-TEST-fr
[2025-11-20 13:13:02] Save_study
[2025-11-20 13:13:02] Save_study newId:18998
[2025-11-20 13:13:02] Save_study idno:FRESH-PEF73247-TEST-fr
[2025-11-20 13:14:25] Save_study
[2025-11-20 13:14:25] Save_study newId:18955
[2025-11-20 13:14:25] Save_study idno:FRESH-PEF73247-TEST-fr
[2025-11-20 13:14:26] Save_study idno:FRESH-PEF73247-TEST-en
[2025-11-20 13:20:15] Save_study
[2025-11-20 13:20:15] Save_study newId:18955
[2025-11-20 13:20:15] Save_study idno:FRESH-PEF73247-TEST-fr
[2025-11-20 13:20:16] Save_study idno:FRESH-PEF73247-TEST-en
[2025-11-20 13:22:12] Save_study
[2025-11-20 13:22:12] Save_study newId:18955
[2025-11-20 13:22:12] Save_study idno:FRESH-PEF73247-TEST-fr
[2025-11-20 13:22:12] Save_study idno:FRESH-PEF73247-TEST-en
[2025-11-20 13:57:33] Save_study
[2025-11-20 13:57:33] Save_study newId:18955
[2025-11-20 13:57:33] Save_study idno:FRESH-PEF73247-TEST-fr
[2025-11-20 13:57:33] Save_study idno:FRESH-PEF73247-TEST-en
[2025-11-20 14:01:44] Save_study
[2025-11-20 14:01:44] Save_study newId:18955
[2025-11-20 14:01:44] Save_study idno:FRESH-PEF73247-TEST-fr
[2025-11-20 14:01:44] Save_study idno:FRESH-PEF73247-TEST-en
[2025-11-20 14:02:16] Save_study
[2025-11-20 14:02:16] Save_study newId:18955
[2025-11-20 14:02:16] Save_study idno:FRESH-PEF73247-TEST-fr
[2025-11-20 14:06:51] Save_study
[2025-11-20 14:06:51] Save_study newId:18955
[2025-11-20 14:06:51] Save_study idno:FRESH-PEF73247-TEST-fr
[2025-11-20 14:06:51] Save_study idno:FRESH-PEF73247-TEST-en
[2025-11-20 14:14:47] Save_study
[2025-11-20 14:14:47] Save_study newId:18955
[2025-11-20 14:14:47] Save_study idno:FRESH-PEF73247-TEST-fr
[2025-11-20 14:16:01] Save_study
[2025-11-20 14:16:27] Save_study
[2025-11-20 14:16:27] Save_study newId:18955
[2025-11-20 14:16:27] Save_study idno:FRESH-PEF73247-TEST-fr
[2025-11-20 14:16:27] Save_study idno:FRESH-PEF73247-TEST-en
[2025-11-20 14:22:17] Save_study
[2025-11-20 14:22:17] Save_study newId:18955
[2025-11-20 14:22:17] Save_study idno:FRESH-PEF73247-TEST-fr
[2025-11-20 14:22:17] Save_study idno:FRESH-PEF73247-TEST-en
[2025-11-20 14:31:20] Save_study
[2025-11-20 14:31:20] Save_study newId:18955
[2025-11-20 14:31:20] Save_study idno:FRESH-PEF73247-TEST-fr
[2025-11-20 14:32:43] Save_study
[2025-11-20 14:32:43] Save_study newId:18955
[2025-11-20 14:32:43] Save_study idno:FRESH-PEF73247-TEST-fr
[2025-11-20 14:32:43] Save_study idno:FRESH-PEF73247-TEST-en
[2025-11-20 14:36:12] Save_study
[2025-11-20 14:38:29] Save_study
[2025-11-20 14:39:50] Save_study
[2025-11-20 14:46:30] Save_study
[2025-11-20 14:55:59] Save_study
[2025-11-20 15:03:14] Save_study
[2025-11-20 15:03:14] Save_study newId:18955
[2025-11-20 15:03:14] Save_study idno:FRESH-PEF73247-TEST-fr
[2025-11-20 15:03:15] Save_study idno:FRESH-PEF73247-TEST-en
[2025-11-20 15:13:03] Save_study
[2025-11-20 15:13:03] Save_study newId:18955
[2025-11-20 15:13:03] Save_study idno:FRESH-PEF73247-TEST-fr
[2025-11-20 15:14:21] Save_study
[2025-11-20 15:14:21] Save_study newId:18955
[2025-11-20 15:14:21] Save_study idno:FRESH-PEF73247-TEST-fr
[2025-11-20 15:15:32] Save_study
[2025-11-20 15:15:32] Save_study newId:18955
[2025-11-20 15:15:32] Save_study idno:FRESH-PEF73247-TEST-fr
[2025-11-20 15:16:22] Save_study
[2025-11-20 15:16:23] Save_study newId:18955
[2025-11-20 15:16:23] Save_study idno:FRESH-PEF73247-TEST-fr
[2025-11-20 15:17:33] Save_study
[2025-11-20 15:17:33] Save_study newId:18955
[2025-11-20 15:17:33] Save_study idno:FRESH-PEF73247-TEST-fr
[2025-11-20 15:18:17] Save_study
[2025-11-20 15:18:17] Save_study newId:18955
[2025-11-20 15:18:17] Save_study idno:FRESH-PEF73247-TEST-fr
[2025-11-20 15:19:40] Save_study
[2025-11-20 15:19:41] Save_study newId:18955
[2025-11-20 15:19:41] Save_study idno:FRESH-PEF73247-TEST-fr
[2025-11-20 15:20:14] Save_study
[2025-11-20 15:20:14] Save_study newId:18955
[2025-11-20 15:20:14] Save_study idno:FRESH-PEF73247-TEST-fr
[2025-11-20 15:20:15] Save_study idno:FRESH-PEF73247-TEST-en
[2025-11-20 15:21:24] Save_study
[2025-11-20 15:21:24] Save_study newId:18955
[2025-11-20 15:21:24] Save_study idno:FRESH-PEF73247-TEST-fr
[2025-11-20 15:21:25] Save_study idno:FRESH-PEF73247-TEST-en
[2025-11-20 15:22:13] Save_study
[2025-11-20 15:22:13] Save_study newId:19022
[2025-11-20 15:22:13] Save_study idno:FRESH-PEF73247-TEST-fr
[2025-11-20 15:25:15] Save_study
[2025-11-20 15:25:15] Save_study newId:19022
[2025-11-20 15:25:15] Save_study idno:FRESH-PEF73247-TEST-fr
[2025-11-20 15:26:59] Save_study
[2025-11-20 15:26:59] Save_study newId:19022
[2025-11-20 15:26:59] Save_study idno:FRESH-PEF73247-TEST-fr
[2025-11-20 15:27:14] Save_study
[2025-11-20 15:27:14] Save_study newId:18955
[2025-11-20 15:27:14] Save_study idno:FRESH-PEF73247-TEST-fr
[2025-11-20 15:27:20] Save_study
[2025-11-20 15:27:21] Save_study newId:18955
[2025-11-20 15:27:21] Save_study idno:FRESH-PEF73247-TEST-fr
[2025-11-20 15:27:26] Save_study
[2025-11-20 15:27:26] Save_study newId:18955
[2025-11-20 15:27:26] Save_study idno:FRESH-PEF73247-TEST-fr
[2025-11-20 15:28:21] Save_study
[2025-11-20 15:28:21] Save_study newId:18955
[2025-11-20 15:28:21] Save_study idno:FRESH-PEF73247-TEST-fr
[2025-11-20 15:28:21] Save_study idno:FRESH-PEF73247-TEST-en
[2025-11-20 15:40:34] Save_study
[2025-11-20 15:40:57] Save_study
[2025-11-20 15:40:57] Save_study newId:18955
[2025-11-20 15:40:57] Save_study idno:FRESH-PEF73247-TEST-fr
[2025-11-20 15:40:58] Save_study idno:FRESH-PEF73247-TEST-en
[2025-11-20 15:48:19] Save_study
[2025-11-20 15:48:19] Save_study newId:18955
[2025-11-20 15:48:19] Save_study idno:FRESH-PEF73247-TEST-fr
[2025-11-20 15:48:19] Save_study idno:FRESH-PEF73247-TEST-en
[2025-11-20 15:51:50] Save_study
[2025-11-20 15:51:50] Save_study newId:18955
[2025-11-20 15:51:50] Save_study idno:FRESH-PEF73247-TEST-fr
[2025-11-20 15:51:50] Save_study idno:FRESH-PEF73247-TEST-en
[2025-11-20 16:05:47] Save_study
[2025-11-20 16:16:02] Save_study
[2025-11-20 16:16:02] Save_study newId:18955
[2025-11-20 16:16:02] Save_study idno:FRESH-PEF73247-TEST-fr
[2025-11-20 16:16:56] Save_study
[2025-11-20 16:16:56] Save_study newId:18955
[2025-11-20 16:16:56] Save_study idno:FRESH-PEF73247-TEST-fr
[2025-11-20 16:16:56] Save_study idno:FRESH-PEF73247-TEST-en
[2025-11-20 16:18:50] Save_study
[2025-11-20 16:18:50] Save_study newId:18955
[2025-11-20 16:18:50] Save_study idno:FRESH-PEF73247-TEST-fr
[2025-11-20 16:18:50] Save_study idno:FRESH-PEF73247-TEST-en
[2025-11-20 16:23:26] Save_study
[2025-11-20 16:24:20] Save_study
[2025-11-20 16:27:24] Save_study
[2025-11-20 16:27:24] Save_study newId:18955
[2025-11-20 16:27:24] Save_study idno:FRESH-PEF73247-TEST-fr
[2025-11-20 16:28:08] Save_study
[2025-11-20 16:28:08] Save_study newId:18955
[2025-11-20 16:28:08] Save_study idno:FRESH-PEF73247-TEST-fr
[2025-11-20 16:29:39] Save_study
[2025-11-20 16:29:39] Save_study newId:18955
[2025-11-20 16:29:39] Save_study idno:FRESH-PEF73247-TEST-fr
[2025-11-20 16:30:13] Save_study
[2025-11-20 16:32:35] Save_study
[2025-11-20 16:32:35] Save_study newId:18955
[2025-11-20 16:32:35] Save_study idno:FRESH-PEF73247-TEST-fr
[2025-11-20 16:33:03] Save_study
[2025-11-20 16:33:03] Save_study newId:18955
[2025-11-20 16:33:03] Save_study idno:FRESH-PEF73247-TEST-fr
[2025-11-20 16:35:52] Save_study
[2025-11-20 16:35:52] Save_study newId:18955
[2025-11-20 16:35:52] Save_study idno:FRESH-PEF73247-TEST-fr
[2025-11-20 16:36:14] Save_study
[2025-11-20 16:37:29] Save_study
[2025-11-20 16:37:29] Save_study newId:18955
[2025-11-20 16:37:29] Save_study idno:FRESH-PEF73247-TEST-fr
[2025-11-20 16:42:07] Save_study
[2025-11-20 16:42:08] Save_study newId:18955
[2025-11-20 16:42:08] Save_study idno:FRESH-PEF73247-TEST-fr
[2025-11-20 16:43:47] Save_study
[2025-11-20 16:43:47] Save_study newId:18955
[2025-11-20 16:43:47] Save_study idno:FRESH-PEF73247-TEST-fr
[2025-11-20 16:44:54] Save_study
[2025-11-20 16:44:54] Save_study newId:18955
[2025-11-20 16:44:54] Save_study idno:FRESH-PEF73247-TEST-fr
[2025-11-20 16:49:55] Save_study
[2025-11-20 16:49:55] Save_study newId:18955
[2025-11-20 16:49:55] Save_study idno:FRESH-PEF73247-TEST-fr
[2025-11-20 16:49:55] Save_study idno:FRESH-PEF73247-TEST-en
[2025-11-20 16:50:59] Save_study
[2025-11-20 16:50:59] Save_study newId:18955
[2025-11-20 16:50:59] Save_study idno:FRESH-PEF73247-TEST-fr
[2025-11-20 16:51:00] Save_study idno:FRESH-PEF73247-TEST-en
[2025-11-20 16:51:42] Save_study
[2025-11-20 16:51:42] Save_study newId:18955
[2025-11-20 16:51:42] Save_study idno:FRESH-PEF73247-TEST-fr
[2025-11-20 16:51:42] Save_study idno:FRESH-PEF73247-TEST-en
[2025-11-20 17:06:27] Save_study
[2025-11-20 17:06:27] Save_study newId:18955
[2025-11-20 17:06:27] Save_study idno:FRESH-PEF73247-TEST-fr
[2025-11-20 17:06:27] Save_study idno:FRESH-PEF73247-TEST-en
[2025-11-20 17:16:34] Save_study
[2025-11-20 17:16:34] Save_study newId:18955
[2025-11-20 17:16:34] Save_study idno:FRESH-PEF73247-TEST-fr
[2025-11-20 17:18:01] Save_study
[2025-11-20 17:18:01] Save_study newId:18955
[2025-11-20 17:18:01] Save_study idno:FRESH-PEF73247-TEST-fr
[2025-11-20 17:19:00] Save_study
[2025-11-20 17:19:00] Save_study newId:18955
[2025-11-20 17:19:00] Save_study idno:FRESH-PEF73247-TEST-fr
[2025-11-20 17:20:11] Save_study
[2025-11-20 17:20:11] Save_study newId:18955
[2025-11-20 17:20:11] Save_study idno:FRESH-PEF73247-TEST-fr
[2025-11-20 17:22:01] Save_study
[2025-11-20 17:22:01] Save_study newId:18955
[2025-11-20 17:22:01] Save_study idno:FRESH-PEF73247-TEST-fr
[2025-11-20 17:23:47] Save_study
[2025-11-20 17:29:45] Save_study
[2025-11-20 17:29:46] Save_study newId:18955
[2025-11-20 17:29:46] Save_study idno:FRESH-PEF73247-TEST-fr
[2025-11-20 17:29:46] Save_study idno:FRESH-PEF73247-TEST-en
[2025-11-20 18:56:25] Save_study
[2025-11-20 18:56:25] Save_study newId:19044
[2025-11-20 18:56:25] Save_study idno:FRESH-PEF73247-TEST-fr
[2025-11-20 18:57:25] Save_study
[2025-11-20 18:57:59] Save_study
[2025-11-20 18:58:24] Save_study
[2025-11-20 19:04:58] Save_study
[2025-11-20 19:18:55] Save_study
[2025-11-20 19:22:33] Save_study
[2025-11-20 19:22:33] Save_study newId:18955
[2025-11-20 19:22:33] Save_study idno:FRESH-PEF73247-TEST-fr
[2025-11-20 19:22:33] Save_study idno:FRESH-PEF73247-TEST-en
[2025-11-20 19:24:55] Save_study
[2025-11-20 19:24:56] Save_study newId:18955
[2025-11-20 19:24:56] Save_study idno:FRESH-PEF73247-TEST-fr
[2025-11-20 19:27:46] Save_study
[2025-11-20 19:41:45] Save_study
[2025-11-20 19:41:45] Save_study newId:18955
[2025-11-20 19:41:45] Save_study idno:FRESH-PEF73247-TEST-fr
[2025-11-20 19:41:45] Save_study idno:FRESH-PEF73247-TEST-en
[2025-11-20 20:15:05] Save_study
[2025-11-20 20:15:05] Save_study newId:19048
[2025-11-20 20:15:05] Save_study idno:FRESH-PEF73247-TEST-fr
[2025-11-20 20:23:20] Save_study
[2025-11-20 20:23:20] Save_study newId:19048
[2025-11-20 20:23:20] Save_study idno:FRESH-PEF73247-TEST-fr
[2025-11-20 21:12:02] Save_study
[2025-11-20 21:15:55] Save_study
[2025-11-20 21:15:56] Save_study newId:18955
[2025-11-20 21:15:56] Save_study idno:FRESH-PEF73247-TEST-fr
[2025-11-20 21:17:52] Save_study
[2025-11-20 21:17:52] Save_study newId:18955
[2025-11-20 21:17:52] Save_study idno:FRESH-PEF73247-TEST-fr
[2025-11-20 21:18:20] Save_study
[2025-11-20 21:18:20] Save_study newId:18955
[2025-11-20 21:18:20] Save_study idno:FRESH-PEF73247-TEST-fr
[2025-11-20 21:18:59] Save_study
[2025-11-20 21:18:59] Save_study newId:18955
[2025-11-20 21:18:59] Save_study idno:FRESH-PEF73247-TEST-fr
[2025-11-20 21:18:59] Save_study idno:FRESH-PEF73247-TEST-en
[2025-11-20 21:25:24] Save_study
[2025-11-20 21:26:24] Save_study
[2025-11-20 21:29:32] Save_study
[2025-11-20 21:29:32] Save_study newId:18955
[2025-11-20 21:29:32] Save_study idno:FRESH-PEF73247-TEST-fr
[2025-11-20 21:29:33] Save_study idno:FRESH-PEF73247-TEST-en
[2025-11-20 21:45:25] Save_study
[2025-11-20 21:45:25] Save_study newId:18955
[2025-11-20 21:45:25] Save_study idno:FRESH-PEF73247-TEST-fr
[2025-11-20 21:45:25] Save_study idno:FRESH-PEF73247-TEST-en
[2025-11-20 21:47:10] Save_study
[2025-11-20 21:47:10] Save_study newId:18955
[2025-11-20 21:47:10] Save_study idno:FRESH-PEF73247-TEST-fr
[2025-11-20 21:47:11] Save_study idno:FRESH-PEF73247-TEST-en
[2025-11-20 21:54:13] Save_study
[2025-11-20 21:55:37] Save_study
[2025-11-20 21:57:52] Save_study
[2025-11-20 21:59:00] Save_study
[2025-11-20 22:00:05] Save_study
[2025-11-20 22:00:05] Save_study newId:18955
[2025-11-20 22:00:05] Save_study idno:FRESH-PEF73247-TEST-fr
[2025-11-20 22:00:05] Save_study idno:FRESH-PEF73247-TEST-en
[2025-11-20 22:02:34] Save_study
[2025-11-20 22:02:34] Save_study newId:18955
[2025-11-20 22:02:34] Save_study idno:FRESH-PEF73247-TEST-fr
[2025-11-20 22:02:35] Save_study idno:FRESH-PEF73247-TEST-en
[2025-11-20 22:07:47] Save_study
[2025-11-20 22:07:47] Save_study newId:18955
[2025-11-20 22:07:47] Save_study idno:FRESH-PEF73247-TEST-fr
[2025-11-20 22:07:47] Save_study idno:FRESH-PEF73247-TEST-en
[2025-11-20 22:10:30] Save_study
[2025-11-20 22:10:30] Save_study newId:18955
[2025-11-20 22:10:30] Save_study idno:FRESH-PEF73247-TEST-fr
[2025-11-20 22:10:30] Save_study idno:FRESH-PEF73247-TEST-en
[2025-11-20 22:11:37] Save_study
[2025-11-20 22:11:37] Save_study newId:18955
[2025-11-20 22:11:37] Save_study idno:FRESH-PEF73247-TEST-fr
[2025-11-20 22:11:37] Save_study idno:FRESH-PEF73247-TEST-en
[2025-11-20 22:13:09] Save_study
[2025-11-20 22:13:10] Save_study newId:18955
[2025-11-20 22:13:10] Save_study idno:FRESH-PEF73247-TEST-fr
[2025-11-20 22:13:10] Save_study idno:FRESH-PEF73247-TEST-en
[2025-11-20 22:16:15] Save_study
[2025-11-20 22:16:15] Save_study newId:18955
[2025-11-20 22:16:15] Save_study idno:FRESH-PEF73247-TEST-fr
[2025-11-20 22:16:16] Save_study idno:FRESH-PEF73247-TEST-en
[2025-11-20 22:30:16] Save_study
[2025-11-20 22:30:16] Save_study newId:18955
[2025-11-20 22:30:16] Save_study idno:FRESH-PEF73247-TEST-fr
[2025-11-20 22:30:17] Save_study idno:FRESH-PEF73247-TEST-en
[2025-11-20 22:32:50] Save_study
[2025-11-20 22:32:50] Save_study newId:18955
[2025-11-20 22:32:50] Save_study idno:FRESH-PEF73247-TEST-fr
[2025-11-20 22:33:13] Save_study
[2025-11-20 22:33:13] Save_study newId:18955
[2025-11-20 22:33:13] Save_study idno:FRESH-PEF73247-TEST-fr
[2025-11-20 22:33:14] Save_study idno:FRESH-PEF73247-TEST-en
[2025-11-20 22:43:50] Save_study
[2025-11-20 22:52:01] Save_study
[2025-11-20 22:52:19] Save_study
[2025-11-20 22:52:19] Save_study newId:18955
[2025-11-20 22:52:19] Save_study idno:FRESH-PEF73247-TEST-fr
[2025-11-20 22:52:19] Save_study idno:FRESH-PEF73247-TEST-en
[2025-11-20 22:52:55] Save_study
[2025-11-20 22:54:22] Save_study
[2025-11-20 22:55:09] Save_study
[2025-11-20 22:55:10] Save_study newId:19076
[2025-11-20 22:55:10] Save_study idno:FRESH-PEF73247-TEST-fr
[2025-11-20 22:55:38] Save_study
[2025-11-20 22:55:39] Save_study newId:19076
[2025-11-20 22:55:39] Save_study idno:FRESH-PEF73247-TEST-fr
[2025-11-20 22:55:46] Save_study
[2025-11-20 22:55:47] Save_study newId:19076
[2025-11-20 22:55:47] Save_study idno:FRESH-PEF73247-TEST-fr
[2025-11-20 22:57:57] Save_study
[2025-11-20 22:57:57] Save_study newId:19076
[2025-11-20 22:57:57] Save_study idno:FRESH-PEF73247-TEST-fr
[2025-11-20 22:58:18] Save_study
[2025-11-20 22:58:18] Save_study newId:19076
[2025-11-20 22:58:18] Save_study idno:FRESH-PEF73247-TEST-fr
[2025-11-20 22:58:36] Save_study
[2025-11-20 22:58:36] Save_study newId:18955
[2025-11-20 22:58:36] Save_study idno:FRESH-PEF73247-TEST-fr
[2025-11-20 22:58:37] Save_study idno:FRESH-PEF73247-TEST-en
[2025-11-20 23:06:52] Save_study
[2025-11-20 23:06:52] Save_study newId:18955
[2025-11-20 23:06:52] Save_study idno:FRESH-PEF73247-TEST-fr
[2025-11-20 23:06:53] Save_study idno:FRESH-PEF73247-TEST-en
[2025-11-20 23:13:02] Save_study
[2025-11-20 23:13:03] Save_study newId:18955
[2025-11-20 23:13:03] Save_study idno:FRESH-PEF73247-TEST-fr
[2025-11-20 23:13:52] Save_study
[2025-11-20 23:13:52] Save_study newId:18955
[2025-11-20 23:13:52] Save_study idno:FRESH-PEF73247-TEST-fr
[2025-11-20 23:15:02] Save_study
[2025-11-20 23:19:00] Save_study
[2025-11-20 23:19:00] Save_study newId:18955
[2025-11-20 23:19:00] Save_study idno:FRESH-PEF73247-TEST-fr
[2025-11-20 23:19:00] Save_study idno:FRESH-PEF73247-TEST-en
[2025-11-20 23:39:26] Save_study
[2025-11-20 23:39:26] Save_study newId:18955
[2025-11-20 23:39:26] Save_study idno:FRESH-PEF73247-TEST-fr
[2025-11-20 23:39:26] Save_study idno:FRESH-PEF73247-TEST-en
[2025-11-20 23:40:32] Save_study
[2025-11-20 23:43:05] Save_study
[2025-11-20 23:44:42] Save_study
[2025-11-20 23:46:39] Save_study
[2025-11-20 23:48:23] Save_study
[2025-11-20 23:55:04] Save_study
[2025-11-20 23:55:04] Save_study newId:18955
[2025-11-20 23:55:04] Save_study idno:FRESH-PEF73247-TEST-fr
[2025-11-20 23:55:05] Save_study idno:FRESH-PEF73247-TEST-en
[2025-11-20 23:58:28] Save_study
[2025-11-20 23:58:28] Save_study newId:18955
[2025-11-20 23:58:28] Save_study idno:FRESH-PEF73247-TEST-fr
[2025-11-20 23:58:29] Save_study idno:FRESH-PEF73247-TEST-en
[2025-11-21 00:00:43] Save_study
[2025-11-21 00:01:54] Save_study
[2025-11-21 00:01:54] Save_study newId:18955
[2025-11-21 00:01:54] Save_study idno:FRESH-PEF73247-TEST-fr
[2025-11-21 00:01:54] Save_study idno:FRESH-PEF73247-TEST-en
[2025-11-21 00:07:37] Save_study
[2025-11-21 00:07:37] Save_study newId:18955
[2025-11-21 00:07:37] Save_study idno:FRESH-PEF73247-TEST-fr
[2025-11-21 00:07:38] Save_study idno:FRESH-PEF73247-TEST-en
[2025-11-21 00:26:31] Save_study
[2025-11-21 00:26:31] Save_study newId:18955
[2025-11-21 00:26:31] Save_study idno:FRESH-PEF73247-TEST-fr
[2025-11-21 00:26:32] Save_study idno:FRESH-PEF73247-TEST-en
[2025-11-21 00:37:22] Save_study
[2025-11-21 00:37:22] Save_study newId:18955
[2025-11-21 00:37:22] Save_study idno:FRESH-PEF73247-TEST-fr
[2025-11-21 00:37:22] Save_study idno:FRESH-PEF73247-TEST-en
[2025-11-21 00:47:33] Save_study
[2025-11-21 00:47:33] Save_study newId:18955
[2025-11-21 00:47:33] Save_study idno:FRESH-PEF73247-TEST-fr
[2025-11-21 00:47:33] Save_study idno:FRESH-PEF73247-TEST-en
[2025-11-21 00:49:26] Save_study
[2025-11-21 00:49:26] Save_study newId:18955
[2025-11-21 00:49:26] Save_study idno:FRESH-PEF73247-TEST-fr
[2025-11-21 00:49:26] Save_study idno:FRESH-PEF73247-TEST-en
[2025-11-21 00:53:15] Save_study
[2025-11-21 00:53:15] Save_study newId:18955
[2025-11-21 00:53:15] Save_study idno:FRESH-PEF73247-TEST-fr
[2025-11-21 00:53:15] Save_study idno:FRESH-PEF73247-TEST-en
[2025-11-21 05:04:51] Save_study
[2025-11-21 05:04:52] Save_study newId:18955
[2025-11-21 05:04:52] Save_study idno:FRESH-PEF73247-TEST-fr
[2025-11-21 05:04:52] Save_study idno:FRESH-PEF73247-TEST-en
[2025-11-21 05:24:39] Save_study
[2025-11-21 05:24:39] Save_study newId:18955
[2025-11-21 05:24:39] Save_study idno:FRESH-PEF73247-TEST-fr
[2025-11-21 05:24:40] Save_study idno:FRESH-PEF73247-TEST-en
[2025-11-21 05:28:35] Save_study
[2025-11-21 05:28:35] Save_study newId:18955
[2025-11-21 05:28:35] Save_study idno:FRESH-PEF73247-TEST-fr
[2025-11-21 05:28:36] Save_study idno:FRESH-PEF73247-TEST-en
[2025-11-21 05:33:37] Save_study
[2025-11-21 05:33:37] Save_study newId:18955
[2025-11-21 05:33:37] Save_study idno:FRESH-PEF73247-TEST-fr
[2025-11-21 05:33:37] Save_study idno:FRESH-PEF73247-TEST-en
[2025-11-21 05:44:41] Save_study
[2025-11-21 05:44:42] Save_study newId:19110
[2025-11-21 05:44:42] Save_study idno:FRESH-PEF73247-TEST-fr
[2025-11-21 05:44:58] Save_study
[2025-11-21 05:44:58] Save_study newId:18955
[2025-11-21 05:44:58] Save_study idno:FRESH-PEF73247-TEST-fr
[2025-11-21 05:44:58] Save_study idno:FRESH-PEF73247-TEST-en
[2025-11-21 05:59:13] Save_study
[2025-11-21 05:59:14] Save_study newId:18955
[2025-11-21 05:59:14] Save_study idno:FRESH-PEF73248-TEST-fr
[2025-11-21 05:59:14] Save_study idno:FRESH-PEF73248-TEST-en
[2025-11-21 07:23:44] Save_study
[2025-11-21 07:23:44] Save_study newId:18955
[2025-11-21 07:23:44] Save_study idno:FRESH-PEF73248-TEST-fr
[2025-11-21 07:23:45] Save_study idno:FRESH-PEF73248-TEST-en
[2025-11-21 07:44:32] Save_study
[2025-11-21 07:44:32] Save_study newId:18955
[2025-11-21 07:44:32] Save_study idno:FRESH-PEF73248-TEST-fr
[2025-11-21 07:44:33] Save_study idno:FRESH-PEF73248-TEST-en
[2025-11-21 07:48:40] Save_study
[2025-11-21 07:48:40] Save_study newId:18955
[2025-11-21 07:48:40] Save_study idno:FRESH-PEF73248-TEST-fr
[2025-11-21 07:48:40] Save_study idno:FRESH-PEF73248-TEST-en
[2025-11-21 08:10:02] Save_study
[2025-11-21 08:11:23] Save_study
[2025-11-21 08:13:21] Save_study
[2025-11-21 08:18:32] Save_study
[2025-11-21 08:25:35] Save_study
[2025-11-21 08:25:45] Save_study
[2025-11-21 08:25:45] Save_study newId:18955
[2025-11-21 08:25:45] Save_study idno:FRESH-PEF73247-TEST-fr
[2025-11-21 08:27:57] Save_study
[2025-11-21 08:27:57] Save_study newId:18955
[2025-11-21 08:27:57] Save_study idno:FRESH-PEF73247-TEST-fr
[2025-11-21 08:28:43] Save_study
[2025-11-21 08:28:43] Save_study newId:18955
[2025-11-21 08:28:43] Save_study idno:FRESH-PEF73247-TEST-fr
[2025-11-21 08:29:23] Save_study
[2025-11-21 08:29:23] Save_study newId:18955
[2025-11-21 08:29:23] Save_study idno:FRESH-PEF73247-TEST-fr
[2025-11-21 08:32:18] Save_study
[2025-11-21 08:32:18] Save_study newId:18955
[2025-11-21 08:32:18] Save_study idno:FRESH-PEF73247-TEST-fr
[2025-11-21 08:32:46] Save_study
[2025-11-21 08:32:46] Save_study newId:18955
[2025-11-21 08:32:46] Save_study idno:FRESH-PEF73247-TEST-fr
[2025-11-21 08:32:46] Save_study idno:FRESH-PEF73247-TEST-en
[2025-11-21 08:34:01] Save_study
[2025-11-21 08:35:20] Save_study
[2025-11-21 08:35:36] Save_study
[2025-11-21 08:35:36] Save_study newId:18955
[2025-11-21 08:35:36] Save_study idno:FRESH-PEF73247-TEST-fr
[2025-11-21 08:35:36] Save_study idno:FRESH-PEF73247-TEST-en
[2025-11-21 08:44:16] Save_study
[2025-11-21 08:45:23] Save_study
[2025-11-21 08:45:23] Save_study newId:18955
[2025-11-21 08:45:23] Save_study idno:FRESH-PEF73247-TEST-fr
[2025-11-21 08:45:27] Save_study
[2025-11-21 08:45:27] Save_study newId:18955
[2025-11-21 08:45:27] Save_study idno:FRESH-PEF73248-TEST-fr
[2025-11-21 08:45:27] Save_study idno:FRESH-PEF73248-TEST-en
[2025-11-21 08:45:43] Save_study
[2025-11-21 08:45:43] Save_study newId:19126
[2025-11-21 08:45:43] Save_study idno:FRESH-PEF73247-TEST-fr
[2025-11-21 08:46:56] Save_study
[2025-11-21 08:46:56] Save_study newId:18955
[2025-11-21 08:46:56] Save_study idno:FRESH-PEF73248-TEST-fr
[2025-11-21 08:46:56] Save_study idno:FRESH-PEF73248-TEST-en
[2025-11-21 08:49:09] Save_study
[2025-11-21 08:49:09] Save_study newId:19128
[2025-11-21 08:49:09] Save_study idno:FRESH-PEF73247-TEST-fr
[2025-11-21 08:49:46] Save_study
[2025-11-21 08:49:46] Save_study newId:19128
[2025-11-21 08:49:46] Save_study idno:FRESH-PEF73247-TEST-fr
[2025-11-21 08:49:46] Save_study idno:FRESH-PEF73247-TEST-en
[2025-11-21 08:49:56] Save_study
[2025-11-21 08:49:57] Save_study newId:19128
[2025-11-21 08:49:57] Save_study idno:FRESH-PEF73248-TEST-fr
[2025-11-21 08:50:11] Save_study
[2025-11-21 08:50:11] Save_study newId:18955
[2025-11-21 08:50:11] Save_study idno:FRESH-PEF73248-TEST-fr
[2025-11-21 08:50:11] Save_study idno:FRESH-PEF73248-TEST-en
[2025-11-21 08:50:59] Save_study
[2025-11-21 08:50:59] Save_study newId:18955
[2025-11-21 08:50:59] Save_study idno:FRESH-PEF73247-TEST-fr
[2025-11-21 08:51:00] Save_study idno:FRESH-PEF73247-TEST-en
[2025-11-21 08:59:51] Save_study
[2025-11-21 08:59:51] Save_study newId:18955
[2025-11-21 08:59:51] Save_study idno:FRESH-PEF73247-TEST-fr
[2025-11-21 08:59:52] Save_study idno:FRESH-PEF73247-TEST-en
[2025-11-21 09:02:43] Save_study
[2025-11-21 09:04:00] Save_study
[2025-11-21 09:04:00] Save_study newId:18955
[2025-11-21 09:04:00] Save_study idno:FRESH-PEF73247-TEST-fr
[2025-11-21 09:04:00] Save_study idno:FRESH-PEF73247-TEST-en
[2025-11-21 09:36:44] Save_study
[2025-11-21 09:36:44] Save_study newId:18955
[2025-11-21 09:36:44] Save_study idno:FRESH-PEF73247-TEST-fr
[2025-11-21 09:36:44] Save_study idno:FRESH-PEF73247-TEST-en
[2025-11-21 09:38:24] Save_study
[2025-11-21 09:38:24] Save_study newId:18955
[2025-11-21 09:38:24] Save_study idno:FRESH-PEF73247-TEST-fr
[2025-11-21 09:38:24] Save_study idno:FRESH-PEF73247-TEST-en
[2025-11-21 09:41:08] Save_study
[2025-11-21 09:41:08] Save_study newId:19142
[2025-11-21 09:41:08] Save_study idno:FRESH-PEF73248-TEST-fr
[2025-11-21 09:41:08] Save_study idno:FRESH-PEF73248-TEST-en
[2025-11-21 09:45:39] Save_study
[2025-11-21 09:45:39] Save_study newId:19142
[2025-11-21 09:45:39] Save_study idno:FRESH-PEF73248-TEST-fr
[2025-11-21 09:45:40] Save_study idno:FRESH-PEF73248-TEST-en
[2025-11-24 11:37:43] Save_study
[2025-11-24 11:37:43] Save_study newId:19148
[2025-11-24 11:37:43] Save_study idno:FRESH-PEF99-fr
[2025-11-24 11:37:51] Save_study
[2025-11-24 11:37:51] Save_study newId:19148
[2025-11-24 11:37:51] Save_study idno:FRESH-PEF99-fr
[2025-11-24 11:39:37] Save_study
[2025-11-24 11:39:37] Save_study newId:19148
[2025-11-24 11:39:37] Save_study idno:FRESH-PEF60107-fr
[2025-11-24 11:40:19] Save_study
[2025-11-24 11:40:19] Save_study newId:19148
[2025-11-24 11:40:19] Save_study idno:FRESH-PEF60107-fr
[2025-11-24 11:41:05] Save_study
[2025-11-24 11:41:06] Save_study newId:19148
[2025-11-24 11:41:06] Save_study idno:FRESH-PEF60107-fr
[2025-11-24 11:42:09] Save_study
[2025-11-24 11:42:10] Save_study newId:19148
[2025-11-24 11:42:10] Save_study idno:FRESH-PEF60107-fr
[2025-11-24 11:43:19] Save_study
[2025-11-24 11:43:19] Save_study newId:19148
[2025-11-24 11:43:19] Save_study idno:FRESH-PEF60107-fr
[2025-11-24 11:44:10] Save_study
[2025-11-24 11:44:10] Save_study newId:19148
[2025-11-24 11:44:10] Save_study idno:FRESH-PEF60107-fr
[2025-11-24 11:44:48] Save_study
[2025-11-24 11:44:48] Save_study newId:19148
[2025-11-24 11:44:48] Save_study idno:FRESH-PEF60107-fr
[2025-11-24 11:45:11] Save_study
[2025-11-24 11:45:11] Save_study newId:19148
[2025-11-24 11:45:11] Save_study idno:FRESH-PEF60107-fr
[2025-11-24 11:46:22] Save_study
[2025-11-24 11:46:22] Save_study newId:19148
[2025-11-24 11:46:22] Save_study idno:FRESH-PEF60107-fr
[2025-11-24 11:47:13] Save_study
[2025-11-24 11:47:13] Save_study newId:19148
[2025-11-24 11:47:13] Save_study idno:FRESH-PEF60107-fr
[2025-11-24 11:47:39] Save_study
[2025-11-24 11:47:39] Save_study newId:19148
[2025-11-24 11:47:39] Save_study idno:FRESH-PEF60107-fr
[2025-11-24 11:50:13] Save_study
[2025-11-24 11:50:13] Save_study newId:19148
[2025-11-24 11:50:13] Save_study idno:FRESH-PEF60107-fr
[2025-11-24 11:53:54] Save_study
[2025-11-24 11:53:54] Save_study newId:19148
[2025-11-24 11:53:54] Save_study idno:FRESH-PEF60107-fr
[2025-11-24 11:54:53] Save_study
[2025-11-24 11:54:53] Save_study newId:19148
[2025-11-24 11:54:53] Save_study idno:FRESH-PEF60107-fr
[2025-11-24 11:55:38] Save_study
[2025-11-24 11:55:38] Save_study newId:19148
[2025-11-24 11:55:38] Save_study idno:FRESH-PEF60107-fr
[2025-11-24 11:55:51] Save_study
[2025-11-24 11:55:51] Save_study newId:19148
[2025-11-24 11:55:51] Save_study idno:FRESH-PEF60107-fr
[2025-11-24 11:58:05] Save_study
[2025-11-24 11:58:05] Save_study newId:19148
[2025-11-24 11:58:05] Save_study idno:FRESH-PEF60107-fr
[2025-11-24 12:02:02] Save_study
[2025-11-24 12:02:02] Save_study newId:19148
[2025-11-24 12:02:02] Save_study idno:FRESH-PEF60107-fr
[2025-11-24 12:02:45] Save_study
[2025-11-24 12:02:45] Save_study newId:19148
[2025-11-24 12:02:45] Save_study idno:FRESH-PEF60107-fr
[2025-11-24 12:03:27] Save_study
[2025-11-24 12:03:27] Save_study newId:19148
[2025-11-24 12:03:27] Save_study idno:FRESH-PEF60107-fr
[2025-11-24 12:03:43] Save_study
[2025-11-24 12:03:43] Save_study newId:19148
[2025-11-24 12:03:43] Save_study idno:FRESH-PEF60107-fr
[2025-11-24 12:04:50] Save_study
[2025-11-24 12:04:50] Save_study newId:19148
[2025-11-24 12:04:50] Save_study idno:FRESH-PEF60107-fr
[2025-11-24 12:04:50] Save_study idno:FRESH-PEF60107-en
[2025-12-10 17:15:09] Save_study newId:19617
[2025-12-10 17:15:09] Save_study idno:FRESH-PEF73248-V3-fr
